{"C:\\hibo-cocina\\public\\js\\modules\\escandallos.js": {"path":"C:\\hibo-cocina\\public\\js\\modules\\escandallos.js","statementMap":{"0":{"start":{"line":17,"column":4},"end":{"line":17,"column":40}},"1":{"start":{"line":18,"column":4},"end":{"line":18,"column":44}},"2":{"start":{"line":19,"column":4},"end":{"line":19,"column":35}},"3":{"start":{"line":27,"column":4},"end":{"line":36,"column":5}},"4":{"start":{"line":28,"column":6},"end":{"line":28,"column":48}},"5":{"start":{"line":29,"column":26},"end":{"line":29,"column":66}},"6":{"start":{"line":30,"column":6},"end":{"line":30,"column":56}},"7":{"start":{"line":31,"column":6},"end":{"line":31,"column":66}},"8":{"start":{"line":32,"column":6},"end":{"line":32,"column":25}},"9":{"start":{"line":34,"column":6},"end":{"line":34,"column":59}},"10":{"start":{"line":35,"column":6},"end":{"line":35,"column":18}},"11":{"start":{"line":40,"column":24},"end":{"line":40,"column":66}},"12":{"start":{"line":41,"column":4},"end":{"line":41,"column":46}},"13":{"start":{"line":41,"column":33},"end":{"line":41,"column":44}},"14":{"start":{"line":45,"column":4},"end":{"line":53,"column":5}},"15":{"start":{"line":46,"column":6},"end":{"line":46,"column":52}},"16":{"start":{"line":47,"column":30},"end":{"line":47,"column":78}},"17":{"start":{"line":48,"column":6},"end":{"line":48,"column":26}},"18":{"start":{"line":49,"column":6},"end":{"line":49,"column":29}},"19":{"start":{"line":51,"column":6},"end":{"line":51,"column":57}},"20":{"start":{"line":52,"column":6},"end":{"line":52,"column":18}},"21":{"start":{"line":57,"column":4},"end":{"line":65,"column":5}},"22":{"start":{"line":58,"column":6},"end":{"line":58,"column":58}},"23":{"start":{"line":59,"column":26},"end":{"line":59,"column":84}},"24":{"start":{"line":60,"column":6},"end":{"line":60,"column":26}},"25":{"start":{"line":61,"column":6},"end":{"line":61,"column":25}},"26":{"start":{"line":63,"column":6},"end":{"line":63,"column":62}},"27":{"start":{"line":64,"column":6},"end":{"line":64,"column":18}},"28":{"start":{"line":69,"column":4},"end":{"line":77,"column":5}},"29":{"start":{"line":70,"column":6},"end":{"line":70,"column":57}},"30":{"start":{"line":71,"column":6},"end":{"line":71,"column":61}},"31":{"start":{"line":72,"column":6},"end":{"line":72,"column":26}},"32":{"start":{"line":73,"column":6},"end":{"line":73,"column":44}},"33":{"start":{"line":75,"column":6},"end":{"line":75,"column":60}},"34":{"start":{"line":76,"column":6},"end":{"line":76,"column":18}},"35":{"start":{"line":88,"column":23},"end":{"line":88,"column":44}},"36":{"start":{"line":89,"column":4},"end":{"line":89,"column":30}},"37":{"start":{"line":89,"column":21},"end":{"line":89,"column":30}},"38":{"start":{"line":91,"column":21},"end":{"line":91,"column":22}},"39":{"start":{"line":92,"column":4},"end":{"line":97,"column":7}},"40":{"start":{"line":93,"column":26},"end":{"line":93,"column":69}},"41":{"start":{"line":94,"column":6},"end":{"line":96,"column":7}},"42":{"start":{"line":95,"column":8},"end":{"line":95,"column":65}},"43":{"start":{"line":99,"column":4},"end":{"line":99,"column":22}},"44":{"start":{"line":106,"column":4},"end":{"line":106,"column":40}},"45":{"start":{"line":106,"column":31},"end":{"line":106,"column":40}},"46":{"start":{"line":107,"column":4},"end":{"line":107,"column":65}},"47":{"start":{"line":116,"column":4},"end":{"line":116,"column":55}},"48":{"start":{"line":123,"column":19},"end":{"line":123,"column":56}},"49":{"start":{"line":124,"column":24},"end":{"line":124,"column":66}},"50":{"start":{"line":126,"column":4},"end":{"line":139,"column":7}},"51":{"start":{"line":127,"column":20},"end":{"line":127,"column":48}},"52":{"start":{"line":128,"column":21},"end":{"line":128,"column":61}},"53":{"start":{"line":129,"column":29},"end":{"line":129,"column":54}},"54":{"start":{"line":131,"column":6},"end":{"line":138,"column":8}},"55":{"start":{"line":146,"column":20},"end":{"line":146,"column":41}},"56":{"start":{"line":147,"column":4},"end":{"line":147,"column":65}},"57":{"start":{"line":147,"column":31},"end":{"line":147,"column":63}},"58":{"start":{"line":155,"column":20},"end":{"line":155,"column":22}},"59":{"start":{"line":157,"column":4},"end":{"line":159,"column":5}},"60":{"start":{"line":158,"column":6},"end":{"line":158,"column":46}},"61":{"start":{"line":161,"column":4},"end":{"line":163,"column":5}},"62":{"start":{"line":162,"column":6},"end":{"line":162,"column":59}},"63":{"start":{"line":165,"column":4},"end":{"line":172,"column":7}},"64":{"start":{"line":166,"column":6},"end":{"line":168,"column":7}},"65":{"start":{"line":167,"column":8},"end":{"line":167,"column":63}},"66":{"start":{"line":169,"column":6},"end":{"line":171,"column":7}},"67":{"start":{"line":170,"column":8},"end":{"line":170,"column":78}},"68":{"start":{"line":174,"column":4},"end":{"line":177,"column":6}},"69":{"start":{"line":185,"column":25},"end":{"line":185,"column":68}},"70":{"start":{"line":186,"column":4},"end":{"line":186,"column":58}},"71":{"start":{"line":186,"column":34},"end":{"line":186,"column":56}},"72":{"start":{"line":190,"column":19},"end":{"line":190,"column":56}},"73":{"start":{"line":191,"column":4},"end":{"line":191,"column":46}},"74":{"start":{"line":191,"column":28},"end":{"line":191,"column":44}},"75":{"start":{"line":199,"column":26},"end":{"line":199,"column":49}},"76":{"start":{"line":202,"column":0},"end":{"line":202,"column":45}},"77":{"start":{"line":204,"column":0},"end":{"line":204,"column":67}}},"fnMap":{"0":{"name":"(anonymous_0)","decl":{"start":{"line":16,"column":2},"end":{"line":16,"column":3}},"loc":{"start":{"line":16,"column":16},"end":{"line":20,"column":3}},"line":16},"1":{"name":"(anonymous_1)","decl":{"start":{"line":26,"column":2},"end":{"line":26,"column":3}},"loc":{"start":{"line":26,"column":17},"end":{"line":37,"column":3}},"line":26},"2":{"name":"(anonymous_2)","decl":{"start":{"line":39,"column":2},"end":{"line":39,"column":3}},"loc":{"start":{"line":39,"column":14},"end":{"line":42,"column":3}},"line":39},"3":{"name":"(anonymous_3)","decl":{"start":{"line":41,"column":28},"end":{"line":41,"column":29}},"loc":{"start":{"line":41,"column":33},"end":{"line":41,"column":44}},"line":41},"4":{"name":"(anonymous_4)","decl":{"start":{"line":44,"column":2},"end":{"line":44,"column":3}},"loc":{"start":{"line":44,"column":21},"end":{"line":54,"column":3}},"line":44},"5":{"name":"(anonymous_5)","decl":{"start":{"line":56,"column":2},"end":{"line":56,"column":3}},"loc":{"start":{"line":56,"column":30},"end":{"line":66,"column":3}},"line":56},"6":{"name":"(anonymous_6)","decl":{"start":{"line":68,"column":2},"end":{"line":68,"column":3}},"loc":{"start":{"line":68,"column":21},"end":{"line":78,"column":3}},"line":68},"7":{"name":"(anonymous_7)","decl":{"start":{"line":87,"column":2},"end":{"line":87,"column":3}},"loc":{"start":{"line":87,"column":25},"end":{"line":100,"column":3}},"line":87},"8":{"name":"(anonymous_8)","decl":{"start":{"line":92,"column":44},"end":{"line":92,"column":45}},"loc":{"start":{"line":92,"column":52},"end":{"line":97,"column":5}},"line":92},"9":{"name":"(anonymous_9)","decl":{"start":{"line":105,"column":2},"end":{"line":105,"column":3}},"loc":{"start":{"line":105,"column":47},"end":{"line":108,"column":3}},"line":105},"10":{"name":"(anonymous_10)","decl":{"start":{"line":113,"column":2},"end":{"line":113,"column":3}},"loc":{"start":{"line":113,"column":53},"end":{"line":117,"column":3}},"line":113},"11":{"name":"(anonymous_11)","decl":{"start":{"line":122,"column":2},"end":{"line":122,"column":3}},"loc":{"start":{"line":122,"column":19},"end":{"line":140,"column":3}},"line":122},"12":{"name":"(anonymous_12)","decl":{"start":{"line":126,"column":22},"end":{"line":126,"column":23}},"loc":{"start":{"line":126,"column":31},"end":{"line":139,"column":5}},"line":126},"13":{"name":"(anonymous_13)","decl":{"start":{"line":145,"column":2},"end":{"line":145,"column":3}},"loc":{"start":{"line":145,"column":42},"end":{"line":148,"column":3}},"line":145},"14":{"name":"(anonymous_14)","decl":{"start":{"line":147,"column":26},"end":{"line":147,"column":27}},"loc":{"start":{"line":147,"column":31},"end":{"line":147,"column":63}},"line":147},"15":{"name":"(anonymous_15)","decl":{"start":{"line":154,"column":2},"end":{"line":154,"column":3}},"loc":{"start":{"line":154,"column":17},"end":{"line":178,"column":3}},"line":154},"16":{"name":"(anonymous_16)","decl":{"start":{"line":165,"column":32},"end":{"line":165,"column":33}},"loc":{"start":{"line":165,"column":49},"end":{"line":172,"column":5}},"line":165},"17":{"name":"(anonymous_17)","decl":{"start":{"line":184,"column":2},"end":{"line":184,"column":3}},"loc":{"start":{"line":184,"column":36},"end":{"line":187,"column":3}},"line":184},"18":{"name":"(anonymous_18)","decl":{"start":{"line":186,"column":29},"end":{"line":186,"column":30}},"loc":{"start":{"line":186,"column":34},"end":{"line":186,"column":56}},"line":186},"19":{"name":"(anonymous_19)","decl":{"start":{"line":189,"column":2},"end":{"line":189,"column":3}},"loc":{"start":{"line":189,"column":24},"end":{"line":192,"column":3}},"line":189},"20":{"name":"(anonymous_20)","decl":{"start":{"line":191,"column":23},"end":{"line":191,"column":24}},"loc":{"start":{"line":191,"column":28},"end":{"line":191,"column":44}},"line":191}},"branchMap":{"0":{"loc":{"start":{"line":40,"column":24},"end":{"line":40,"column":66}},"type":"binary-expr","locations":[{"start":{"line":40,"column":24},"end":{"line":40,"column":60}},{"start":{"line":40,"column":64},"end":{"line":40,"column":66}}],"line":40},"1":{"loc":{"start":{"line":89,"column":4},"end":{"line":89,"column":30}},"type":"if","locations":[{"start":{"line":89,"column":4},"end":{"line":89,"column":30}},{"start":{},"end":{}}],"line":89},"2":{"loc":{"start":{"line":92,"column":5},"end":{"line":92,"column":34}},"type":"binary-expr","locations":[{"start":{"line":92,"column":5},"end":{"line":92,"column":28}},{"start":{"line":92,"column":32},"end":{"line":92,"column":34}}],"line":92},"3":{"loc":{"start":{"line":94,"column":6},"end":{"line":96,"column":7}},"type":"if","locations":[{"start":{"line":94,"column":6},"end":{"line":96,"column":7}},{"start":{},"end":{}}],"line":94},"4":{"loc":{"start":{"line":106,"column":4},"end":{"line":106,"column":40}},"type":"if","locations":[{"start":{"line":106,"column":4},"end":{"line":106,"column":40}},{"start":{},"end":{}}],"line":106},"5":{"loc":{"start":{"line":113,"column":33},"end":{"line":113,"column":51}},"type":"default-arg","locations":[{"start":{"line":113,"column":49},"end":{"line":113,"column":51}}],"line":113},"6":{"loc":{"start":{"line":123,"column":19},"end":{"line":123,"column":56}},"type":"binary-expr","locations":[{"start":{"line":123,"column":19},"end":{"line":123,"column":50}},{"start":{"line":123,"column":54},"end":{"line":123,"column":56}}],"line":123},"7":{"loc":{"start":{"line":124,"column":24},"end":{"line":124,"column":66}},"type":"binary-expr","locations":[{"start":{"line":124,"column":24},"end":{"line":124,"column":60}},{"start":{"line":124,"column":64},"end":{"line":124,"column":66}}],"line":124},"8":{"loc":{"start":{"line":145,"column":26},"end":{"line":145,"column":40}},"type":"default-arg","locations":[{"start":{"line":145,"column":38},"end":{"line":145,"column":40}}],"line":145},"9":{"loc":{"start":{"line":157,"column":4},"end":{"line":159,"column":5}},"type":"if","locations":[{"start":{"line":157,"column":4},"end":{"line":159,"column":5}},{"start":{},"end":{}}],"line":157},"10":{"loc":{"start":{"line":161,"column":4},"end":{"line":163,"column":5}},"type":"if","locations":[{"start":{"line":161,"column":4},"end":{"line":163,"column":5}},{"start":{},"end":{}}],"line":161},"11":{"loc":{"start":{"line":161,"column":8},"end":{"line":161,"column":77}},"type":"binary-expr","locations":[{"start":{"line":161,"column":8},"end":{"line":161,"column":42}},{"start":{"line":161,"column":46},"end":{"line":161,"column":77}}],"line":161},"12":{"loc":{"start":{"line":166,"column":6},"end":{"line":168,"column":7}},"type":"if","locations":[{"start":{"line":166,"column":6},"end":{"line":168,"column":7}},{"start":{},"end":{}}],"line":166},"13":{"loc":{"start":{"line":169,"column":6},"end":{"line":171,"column":7}},"type":"if","locations":[{"start":{"line":169,"column":6},"end":{"line":171,"column":7}},{"start":{},"end":{}}],"line":169},"14":{"loc":{"start":{"line":185,"column":25},"end":{"line":185,"column":68}},"type":"binary-expr","locations":[{"start":{"line":185,"column":25},"end":{"line":185,"column":62}},{"start":{"line":185,"column":66},"end":{"line":185,"column":68}}],"line":185},"15":{"loc":{"start":{"line":190,"column":19},"end":{"line":190,"column":56}},"type":"binary-expr","locations":[{"start":{"line":190,"column":19},"end":{"line":190,"column":50}},{"start":{"line":190,"column":54},"end":{"line":190,"column":56}}],"line":190}},"s":{"0":0,"1":0,"2":0,"3":0,"4":0,"5":0,"6":0,"7":0,"8":0,"9":0,"10":0,"11":0,"12":0,"13":0,"14":0,"15":0,"16":0,"17":0,"18":0,"19":0,"20":0,"21":0,"22":0,"23":0,"24":0,"25":0,"26":0,"27":0,"28":0,"29":0,"30":0,"31":0,"32":0,"33":0,"34":0,"35":0,"36":0,"37":0,"38":0,"39":0,"40":0,"41":0,"42":0,"43":0,"44":0,"45":0,"46":0,"47":0,"48":0,"49":0,"50":0,"51":0,"52":0,"53":0,"54":0,"55":0,"56":0,"57":0,"58":0,"59":0,"60":0,"61":0,"62":0,"63":0,"64":0,"65":0,"66":0,"67":0,"68":0,"69":0,"70":0,"71":0,"72":0,"73":0,"74":0,"75":0,"76":0,"77":0},"f":{"0":0,"1":0,"2":0,"3":0,"4":0,"5":0,"6":0,"7":0,"8":0,"9":0,"10":0,"11":0,"12":0,"13":0,"14":0,"15":0,"16":0,"17":0,"18":0,"19":0,"20":0},"b":{"0":[0,0],"1":[0,0],"2":[0,0],"3":[0,0],"4":[0,0],"5":[0],"6":[0,0],"7":[0,0],"8":[0],"9":[0,0],"10":[0,0],"11":[0,0],"12":[0,0],"13":[0,0],"14":[0,0],"15":[0,0]}}
,"C:\\hibo-cocina\\public\\js\\modules\\ingredientes.js": {"path":"C:\\hibo-cocina\\public\\js\\modules\\ingredientes.js","statementMap":{"0":{"start":{"line":17,"column":4},"end":{"line":17,"column":40}},"1":{"start":{"line":18,"column":4},"end":{"line":18,"column":44}},"2":{"start":{"line":19,"column":4},"end":{"line":19,"column":36}},"3":{"start":{"line":30,"column":4},"end":{"line":39,"column":5}},"4":{"start":{"line":31,"column":6},"end":{"line":31,"column":49}},"5":{"start":{"line":32,"column":27},"end":{"line":32,"column":67}},"6":{"start":{"line":33,"column":6},"end":{"line":33,"column":58}},"7":{"start":{"line":34,"column":6},"end":{"line":34,"column":68}},"8":{"start":{"line":35,"column":6},"end":{"line":35,"column":26}},"9":{"start":{"line":37,"column":6},"end":{"line":37,"column":60}},"10":{"start":{"line":38,"column":6},"end":{"line":38,"column":18}},"11":{"start":{"line":46,"column":25},"end":{"line":46,"column":68}},"12":{"start":{"line":47,"column":4},"end":{"line":47,"column":47}},"13":{"start":{"line":47,"column":34},"end":{"line":47,"column":45}},"14":{"start":{"line":54,"column":4},"end":{"line":62,"column":5}},"15":{"start":{"line":55,"column":6},"end":{"line":55,"column":53}},"16":{"start":{"line":56,"column":31},"end":{"line":56,"column":79}},"17":{"start":{"line":57,"column":6},"end":{"line":57,"column":26}},"18":{"start":{"line":58,"column":6},"end":{"line":58,"column":30}},"19":{"start":{"line":60,"column":6},"end":{"line":60,"column":58}},"20":{"start":{"line":61,"column":6},"end":{"line":61,"column":18}},"21":{"start":{"line":69,"column":4},"end":{"line":77,"column":5}},"22":{"start":{"line":70,"column":6},"end":{"line":70,"column":66}},"23":{"start":{"line":71,"column":26},"end":{"line":71,"column":84}},"24":{"start":{"line":72,"column":6},"end":{"line":72,"column":26}},"25":{"start":{"line":73,"column":6},"end":{"line":73,"column":25}},"26":{"start":{"line":75,"column":6},"end":{"line":75,"column":63}},"27":{"start":{"line":76,"column":6},"end":{"line":76,"column":18}},"28":{"start":{"line":84,"column":4},"end":{"line":92,"column":5}},"29":{"start":{"line":85,"column":6},"end":{"line":85,"column":58}},"30":{"start":{"line":86,"column":6},"end":{"line":86,"column":61}},"31":{"start":{"line":87,"column":6},"end":{"line":87,"column":26}},"32":{"start":{"line":88,"column":6},"end":{"line":88,"column":45}},"33":{"start":{"line":90,"column":6},"end":{"line":90,"column":61}},"34":{"start":{"line":91,"column":6},"end":{"line":91,"column":18}},"35":{"start":{"line":103,"column":25},"end":{"line":103,"column":68}},"36":{"start":{"line":104,"column":21},"end":{"line":104,"column":33}},"37":{"start":{"line":106,"column":4},"end":{"line":110,"column":5}},"38":{"start":{"line":107,"column":6},"end":{"line":109,"column":8}},"39":{"start":{"line":108,"column":8},"end":{"line":108,"column":69}},"40":{"start":{"line":112,"column":4},"end":{"line":114,"column":5}},"41":{"start":{"line":113,"column":6},"end":{"line":113,"column":67}},"42":{"start":{"line":113,"column":42},"end":{"line":113,"column":65}},"43":{"start":{"line":116,"column":4},"end":{"line":118,"column":5}},"44":{"start":{"line":117,"column":6},"end":{"line":117,"column":71}},"45":{"start":{"line":117,"column":42},"end":{"line":117,"column":69}},"46":{"start":{"line":120,"column":4},"end":{"line":124,"column":5}},"47":{"start":{"line":121,"column":6},"end":{"line":123,"column":8}},"48":{"start":{"line":122,"column":8},"end":{"line":122,"column":86}},"49":{"start":{"line":126,"column":4},"end":{"line":126,"column":22}},"50":{"start":{"line":133,"column":25},"end":{"line":133,"column":68}},"51":{"start":{"line":134,"column":4},"end":{"line":137,"column":6}},"52":{"start":{"line":135,"column":6},"end":{"line":136,"column":72}},"53":{"start":{"line":144,"column":25},"end":{"line":144,"column":68}},"54":{"start":{"line":145,"column":4},"end":{"line":145,"column":53}},"55":{"start":{"line":145,"column":36},"end":{"line":145,"column":51}},"56":{"start":{"line":152,"column":25},"end":{"line":152,"column":68}},"57":{"start":{"line":153,"column":4},"end":{"line":153,"column":55}},"58":{"start":{"line":153,"column":45},"end":{"line":153,"column":51}},"59":{"start":{"line":160,"column":21},"end":{"line":160,"column":22}},"60":{"start":{"line":161,"column":4},"end":{"line":166,"column":7}},"61":{"start":{"line":162,"column":26},"end":{"line":162,"column":58}},"62":{"start":{"line":163,"column":6},"end":{"line":165,"column":7}},"63":{"start":{"line":164,"column":8},"end":{"line":164,"column":65}},"64":{"start":{"line":167,"column":4},"end":{"line":167,"column":22}},"65":{"start":{"line":174,"column":20},"end":{"line":174,"column":22}},"66":{"start":{"line":176,"column":4},"end":{"line":178,"column":5}},"67":{"start":{"line":177,"column":6},"end":{"line":177,"column":47}},"68":{"start":{"line":180,"column":4},"end":{"line":182,"column":5}},"69":{"start":{"line":181,"column":6},"end":{"line":181,"column":45}},"70":{"start":{"line":184,"column":4},"end":{"line":186,"column":5}},"71":{"start":{"line":185,"column":6},"end":{"line":185,"column":47}},"72":{"start":{"line":188,"column":4},"end":{"line":190,"column":5}},"73":{"start":{"line":189,"column":6},"end":{"line":189,"column":51}},"74":{"start":{"line":192,"column":4},"end":{"line":194,"column":5}},"75":{"start":{"line":193,"column":6},"end":{"line":193,"column":53}},"76":{"start":{"line":196,"column":4},"end":{"line":199,"column":6}},"77":{"start":{"line":206,"column":25},"end":{"line":206,"column":68}},"78":{"start":{"line":207,"column":19},"end":{"line":207,"column":48}},"79":{"start":{"line":208,"column":16},"end":{"line":208,"column":39}},"80":{"start":{"line":210,"column":4},"end":{"line":215,"column":6}},"81":{"start":{"line":223,"column":27},"end":{"line":223,"column":51}},"82":{"start":{"line":226,"column":0},"end":{"line":226,"column":47}},"83":{"start":{"line":228,"column":0},"end":{"line":228,"column":68}}},"fnMap":{"0":{"name":"(anonymous_0)","decl":{"start":{"line":16,"column":2},"end":{"line":16,"column":3}},"loc":{"start":{"line":16,"column":16},"end":{"line":20,"column":3}},"line":16},"1":{"name":"(anonymous_1)","decl":{"start":{"line":29,"column":2},"end":{"line":29,"column":3}},"loc":{"start":{"line":29,"column":17},"end":{"line":40,"column":3}},"line":29},"2":{"name":"(anonymous_2)","decl":{"start":{"line":45,"column":2},"end":{"line":45,"column":3}},"loc":{"start":{"line":45,"column":14},"end":{"line":48,"column":3}},"line":45},"3":{"name":"(anonymous_3)","decl":{"start":{"line":47,"column":29},"end":{"line":47,"column":30}},"loc":{"start":{"line":47,"column":34},"end":{"line":47,"column":45}},"line":47},"4":{"name":"(anonymous_4)","decl":{"start":{"line":53,"column":2},"end":{"line":53,"column":3}},"loc":{"start":{"line":53,"column":21},"end":{"line":63,"column":3}},"line":53},"5":{"name":"(anonymous_5)","decl":{"start":{"line":68,"column":2},"end":{"line":68,"column":3}},"loc":{"start":{"line":68,"column":30},"end":{"line":78,"column":3}},"line":68},"6":{"name":"(anonymous_6)","decl":{"start":{"line":83,"column":2},"end":{"line":83,"column":3}},"loc":{"start":{"line":83,"column":21},"end":{"line":93,"column":3}},"line":83},"7":{"name":"(anonymous_7)","decl":{"start":{"line":102,"column":2},"end":{"line":102,"column":3}},"loc":{"start":{"line":102,"column":19},"end":{"line":127,"column":3}},"line":102},"8":{"name":"(anonymous_8)","decl":{"start":{"line":107,"column":37},"end":{"line":107,"column":38}},"loc":{"start":{"line":108,"column":8},"end":{"line":108,"column":69}},"line":108},"9":{"name":"(anonymous_9)","decl":{"start":{"line":113,"column":37},"end":{"line":113,"column":38}},"loc":{"start":{"line":113,"column":42},"end":{"line":113,"column":65}},"line":113},"10":{"name":"(anonymous_10)","decl":{"start":{"line":117,"column":37},"end":{"line":117,"column":38}},"loc":{"start":{"line":117,"column":42},"end":{"line":117,"column":69}},"line":117},"11":{"name":"(anonymous_11)","decl":{"start":{"line":121,"column":37},"end":{"line":121,"column":38}},"loc":{"start":{"line":122,"column":8},"end":{"line":122,"column":86}},"line":122},"12":{"name":"(anonymous_12)","decl":{"start":{"line":132,"column":2},"end":{"line":132,"column":3}},"loc":{"start":{"line":132,"column":16},"end":{"line":138,"column":3}},"line":132},"13":{"name":"(anonymous_13)","decl":{"start":{"line":134,"column":31},"end":{"line":134,"column":32}},"loc":{"start":{"line":135,"column":6},"end":{"line":136,"column":72}},"line":135},"14":{"name":"(anonymous_14)","decl":{"start":{"line":143,"column":2},"end":{"line":143,"column":3}},"loc":{"start":{"line":143,"column":16},"end":{"line":146,"column":3}},"line":143},"15":{"name":"(anonymous_15)","decl":{"start":{"line":145,"column":31},"end":{"line":145,"column":32}},"loc":{"start":{"line":145,"column":36},"end":{"line":145,"column":51}},"line":145},"16":{"name":"(anonymous_16)","decl":{"start":{"line":151,"column":2},"end":{"line":151,"column":3}},"loc":{"start":{"line":151,"column":17},"end":{"line":154,"column":3}},"line":151},"17":{"name":"(anonymous_17)","decl":{"start":{"line":153,"column":40},"end":{"line":153,"column":41}},"loc":{"start":{"line":153,"column":45},"end":{"line":153,"column":51}},"line":153},"18":{"name":"(anonymous_18)","decl":{"start":{"line":159,"column":2},"end":{"line":159,"column":3}},"loc":{"start":{"line":159,"column":36},"end":{"line":168,"column":3}},"line":159},"19":{"name":"(anonymous_19)","decl":{"start":{"line":161,"column":31},"end":{"line":161,"column":32}},"loc":{"start":{"line":161,"column":39},"end":{"line":166,"column":5}},"line":161},"20":{"name":"(anonymous_20)","decl":{"start":{"line":173,"column":2},"end":{"line":173,"column":3}},"loc":{"start":{"line":173,"column":17},"end":{"line":200,"column":3}},"line":173},"21":{"name":"(anonymous_21)","decl":{"start":{"line":205,"column":2},"end":{"line":205,"column":3}},"loc":{"start":{"line":205,"column":43},"end":{"line":216,"column":3}},"line":205}},"branchMap":{"0":{"loc":{"start":{"line":46,"column":25},"end":{"line":46,"column":68}},"type":"binary-expr","locations":[{"start":{"line":46,"column":25},"end":{"line":46,"column":62}},{"start":{"line":46,"column":66},"end":{"line":46,"column":68}}],"line":46},"1":{"loc":{"start":{"line":103,"column":25},"end":{"line":103,"column":68}},"type":"binary-expr","locations":[{"start":{"line":103,"column":25},"end":{"line":103,"column":62}},{"start":{"line":103,"column":66},"end":{"line":103,"column":68}}],"line":103},"2":{"loc":{"start":{"line":106,"column":4},"end":{"line":110,"column":5}},"type":"if","locations":[{"start":{"line":106,"column":4},"end":{"line":110,"column":5}},{"start":{},"end":{}}],"line":106},"3":{"loc":{"start":{"line":112,"column":4},"end":{"line":114,"column":5}},"type":"if","locations":[{"start":{"line":112,"column":4},"end":{"line":114,"column":5}},{"start":{},"end":{}}],"line":112},"4":{"loc":{"start":{"line":116,"column":4},"end":{"line":118,"column":5}},"type":"if","locations":[{"start":{"line":116,"column":4},"end":{"line":118,"column":5}},{"start":{},"end":{}}],"line":116},"5":{"loc":{"start":{"line":120,"column":4},"end":{"line":124,"column":5}},"type":"if","locations":[{"start":{"line":120,"column":4},"end":{"line":124,"column":5}},{"start":{},"end":{}}],"line":120},"6":{"loc":{"start":{"line":120,"column":8},"end":{"line":120,"column":74}},"type":"binary-expr","locations":[{"start":{"line":120,"column":8},"end":{"line":120,"column":39}},{"start":{"line":120,"column":43},"end":{"line":120,"column":74}}],"line":120},"7":{"loc":{"start":{"line":122,"column":8},"end":{"line":122,"column":86}},"type":"binary-expr","locations":[{"start":{"line":122,"column":8},"end":{"line":122,"column":45}},{"start":{"line":122,"column":49},"end":{"line":122,"column":86}}],"line":122},"8":{"loc":{"start":{"line":133,"column":25},"end":{"line":133,"column":68}},"type":"binary-expr","locations":[{"start":{"line":133,"column":25},"end":{"line":133,"column":62}},{"start":{"line":133,"column":66},"end":{"line":133,"column":68}}],"line":133},"9":{"loc":{"start":{"line":135,"column":6},"end":{"line":136,"column":72}},"type":"binary-expr","locations":[{"start":{"line":135,"column":6},"end":{"line":135,"column":58}},{"start":{"line":136,"column":7},"end":{"line":136,"column":15}},{"start":{"line":136,"column":19},"end":{"line":136,"column":71}}],"line":135},"10":{"loc":{"start":{"line":144,"column":25},"end":{"line":144,"column":68}},"type":"binary-expr","locations":[{"start":{"line":144,"column":25},"end":{"line":144,"column":62}},{"start":{"line":144,"column":66},"end":{"line":144,"column":68}}],"line":144},"11":{"loc":{"start":{"line":152,"column":25},"end":{"line":152,"column":68}},"type":"binary-expr","locations":[{"start":{"line":152,"column":25},"end":{"line":152,"column":62}},{"start":{"line":152,"column":66},"end":{"line":152,"column":68}}],"line":152},"12":{"loc":{"start":{"line":163,"column":6},"end":{"line":165,"column":7}},"type":"if","locations":[{"start":{"line":163,"column":6},"end":{"line":165,"column":7}},{"start":{},"end":{}}],"line":163},"13":{"loc":{"start":{"line":176,"column":4},"end":{"line":178,"column":5}},"type":"if","locations":[{"start":{"line":176,"column":4},"end":{"line":178,"column":5}},{"start":{},"end":{}}],"line":176},"14":{"loc":{"start":{"line":176,"column":8},"end":{"line":176,"column":51}},"type":"binary-expr","locations":[{"start":{"line":176,"column":8},"end":{"line":176,"column":21}},{"start":{"line":176,"column":25},"end":{"line":176,"column":51}}],"line":176},"15":{"loc":{"start":{"line":180,"column":4},"end":{"line":182,"column":5}},"type":"if","locations":[{"start":{"line":180,"column":4},"end":{"line":182,"column":5}},{"start":{},"end":{}}],"line":180},"16":{"loc":{"start":{"line":184,"column":4},"end":{"line":186,"column":5}},"type":"if","locations":[{"start":{"line":184,"column":4},"end":{"line":186,"column":5}},{"start":{},"end":{}}],"line":184},"17":{"loc":{"start":{"line":188,"column":4},"end":{"line":190,"column":5}},"type":"if","locations":[{"start":{"line":188,"column":4},"end":{"line":190,"column":5}},{"start":{},"end":{}}],"line":188},"18":{"loc":{"start":{"line":188,"column":8},"end":{"line":188,"column":70}},"type":"binary-expr","locations":[{"start":{"line":188,"column":8},"end":{"line":188,"column":42}},{"start":{"line":188,"column":46},"end":{"line":188,"column":70}}],"line":188},"19":{"loc":{"start":{"line":192,"column":4},"end":{"line":194,"column":5}},"type":"if","locations":[{"start":{"line":192,"column":4},"end":{"line":194,"column":5}},{"start":{},"end":{}}],"line":192},"20":{"loc":{"start":{"line":192,"column":8},"end":{"line":192,"column":52}},"type":"binary-expr","locations":[{"start":{"line":192,"column":8},"end":{"line":192,"column":33}},{"start":{"line":192,"column":37},"end":{"line":192,"column":52}}],"line":192},"21":{"loc":{"start":{"line":205,"column":10},"end":{"line":205,"column":20}},"type":"default-arg","locations":[{"start":{"line":205,"column":19},"end":{"line":205,"column":20}}],"line":205},"22":{"loc":{"start":{"line":205,"column":22},"end":{"line":205,"column":41}},"type":"default-arg","locations":[{"start":{"line":205,"column":39},"end":{"line":205,"column":41}}],"line":205},"23":{"loc":{"start":{"line":206,"column":25},"end":{"line":206,"column":68}},"type":"binary-expr","locations":[{"start":{"line":206,"column":25},"end":{"line":206,"column":62}},{"start":{"line":206,"column":66},"end":{"line":206,"column":68}}],"line":206}},"s":{"0":0,"1":0,"2":0,"3":0,"4":0,"5":0,"6":0,"7":0,"8":0,"9":0,"10":0,"11":0,"12":0,"13":0,"14":0,"15":0,"16":0,"17":0,"18":0,"19":0,"20":0,"21":0,"22":0,"23":0,"24":0,"25":0,"26":0,"27":0,"28":0,"29":0,"30":0,"31":0,"32":0,"33":0,"34":0,"35":0,"36":0,"37":0,"38":0,"39":0,"40":0,"41":0,"42":0,"43":0,"44":0,"45":0,"46":0,"47":0,"48":0,"49":0,"50":0,"51":0,"52":0,"53":0,"54":0,"55":0,"56":0,"57":0,"58":0,"59":0,"60":0,"61":0,"62":0,"63":0,"64":0,"65":0,"66":0,"67":0,"68":0,"69":0,"70":0,"71":0,"72":0,"73":0,"74":0,"75":0,"76":0,"77":0,"78":0,"79":0,"80":0,"81":0,"82":0,"83":0},"f":{"0":0,"1":0,"2":0,"3":0,"4":0,"5":0,"6":0,"7":0,"8":0,"9":0,"10":0,"11":0,"12":0,"13":0,"14":0,"15":0,"16":0,"17":0,"18":0,"19":0,"20":0,"21":0},"b":{"0":[0,0],"1":[0,0],"2":[0,0],"3":[0,0],"4":[0,0],"5":[0,0],"6":[0,0],"7":[0,0],"8":[0,0],"9":[0,0,0],"10":[0,0],"11":[0,0],"12":[0,0],"13":[0,0],"14":[0,0],"15":[0,0],"16":[0,0],"17":[0,0],"18":[0,0],"19":[0,0],"20":[0,0],"21":[0],"22":[0],"23":[0,0]}}
,"C:\\hibo-cocina\\public\\js\\modules\\inventario.js": {"path":"C:\\hibo-cocina\\public\\js\\modules\\inventario.js","statementMap":{"0":{"start":{"line":12,"column":4},"end":{"line":12,"column":40}},"1":{"start":{"line":13,"column":4},"end":{"line":13,"column":44}},"2":{"start":{"line":14,"column":4},"end":{"line":14,"column":34}},"3":{"start":{"line":18,"column":4},"end":{"line":27,"column":5}},"4":{"start":{"line":19,"column":6},"end":{"line":19,"column":47}},"5":{"start":{"line":20,"column":25},"end":{"line":20,"column":65}},"6":{"start":{"line":21,"column":6},"end":{"line":21,"column":54}},"7":{"start":{"line":22,"column":6},"end":{"line":22,"column":73}},"8":{"start":{"line":23,"column":6},"end":{"line":23,"column":24}},"9":{"start":{"line":25,"column":6},"end":{"line":25,"column":58}},"10":{"start":{"line":26,"column":6},"end":{"line":26,"column":18}},"11":{"start":{"line":31,"column":23},"end":{"line":31,"column":64}},"12":{"start":{"line":32,"column":4},"end":{"line":32,"column":45}},"13":{"start":{"line":32,"column":32},"end":{"line":32,"column":43}},"14":{"start":{"line":36,"column":4},"end":{"line":44,"column":5}},"15":{"start":{"line":37,"column":6},"end":{"line":37,"column":57}},"16":{"start":{"line":38,"column":25},"end":{"line":38,"column":90}},"17":{"start":{"line":39,"column":6},"end":{"line":39,"column":26}},"18":{"start":{"line":40,"column":6},"end":{"line":40,"column":24}},"19":{"start":{"line":42,"column":6},"end":{"line":42,"column":57}},"20":{"start":{"line":43,"column":6},"end":{"line":43,"column":18}},"21":{"start":{"line":48,"column":4},"end":{"line":54,"column":7}},"22":{"start":{"line":61,"column":17},"end":{"line":61,"column":44}},"23":{"start":{"line":62,"column":4},"end":{"line":62,"column":39}},"24":{"start":{"line":69,"column":23},"end":{"line":69,"column":64}},"25":{"start":{"line":70,"column":4},"end":{"line":73,"column":7}},"26":{"start":{"line":71,"column":21},"end":{"line":71,"column":52}},"27":{"start":{"line":72,"column":6},"end":{"line":72,"column":40}},"28":{"start":{"line":80,"column":23},"end":{"line":80,"column":64}},"29":{"start":{"line":81,"column":4},"end":{"line":81,"column":61}},"30":{"start":{"line":81,"column":37},"end":{"line":81,"column":59}},"31":{"start":{"line":88,"column":23},"end":{"line":88,"column":64}},"32":{"start":{"line":89,"column":21},"end":{"line":89,"column":22}},"33":{"start":{"line":91,"column":4},"end":{"line":96,"column":7}},"34":{"start":{"line":92,"column":26},"end":{"line":92,"column":69}},"35":{"start":{"line":93,"column":6},"end":{"line":95,"column":7}},"36":{"start":{"line":94,"column":8},"end":{"line":94,"column":68}},"37":{"start":{"line":98,"column":4},"end":{"line":98,"column":22}},"38":{"start":{"line":105,"column":4},"end":{"line":115,"column":5}},"39":{"start":{"line":106,"column":26},"end":{"line":106,"column":36}},"40":{"start":{"line":107,"column":6},"end":{"line":107,"column":56}},"41":{"start":{"line":109,"column":6},"end":{"line":111,"column":8}},"42":{"start":{"line":113,"column":6},"end":{"line":113,"column":58}},"43":{"start":{"line":114,"column":6},"end":{"line":114,"column":18}},"44":{"start":{"line":123,"column":4},"end":{"line":127,"column":6}},"45":{"start":{"line":134,"column":20},"end":{"line":134,"column":22}},"46":{"start":{"line":136,"column":4},"end":{"line":138,"column":5}},"47":{"start":{"line":137,"column":6},"end":{"line":137,"column":44}},"48":{"start":{"line":140,"column":4},"end":{"line":142,"column":5}},"49":{"start":{"line":141,"column":6},"end":{"line":141,"column":50}},"50":{"start":{"line":144,"column":4},"end":{"line":146,"column":5}},"51":{"start":{"line":145,"column":6},"end":{"line":145,"column":36}},"52":{"start":{"line":148,"column":4},"end":{"line":151,"column":6}},"53":{"start":{"line":159,"column":25},"end":{"line":159,"column":68}},"54":{"start":{"line":160,"column":4},"end":{"line":160,"column":58}},"55":{"start":{"line":160,"column":34},"end":{"line":160,"column":56}},"56":{"start":{"line":168,"column":25},"end":{"line":168,"column":47}},"57":{"start":{"line":171,"column":0},"end":{"line":171,"column":43}},"58":{"start":{"line":173,"column":0},"end":{"line":173,"column":66}}},"fnMap":{"0":{"name":"(anonymous_0)","decl":{"start":{"line":11,"column":2},"end":{"line":11,"column":3}},"loc":{"start":{"line":11,"column":16},"end":{"line":15,"column":3}},"line":11},"1":{"name":"(anonymous_1)","decl":{"start":{"line":17,"column":2},"end":{"line":17,"column":3}},"loc":{"start":{"line":17,"column":17},"end":{"line":28,"column":3}},"line":17},"2":{"name":"(anonymous_2)","decl":{"start":{"line":30,"column":2},"end":{"line":30,"column":3}},"loc":{"start":{"line":30,"column":14},"end":{"line":33,"column":3}},"line":30},"3":{"name":"(anonymous_3)","decl":{"start":{"line":32,"column":27},"end":{"line":32,"column":28}},"loc":{"start":{"line":32,"column":32},"end":{"line":32,"column":43}},"line":32},"4":{"name":"(anonymous_4)","decl":{"start":{"line":35,"column":2},"end":{"line":35,"column":3}},"loc":{"start":{"line":35,"column":31},"end":{"line":45,"column":3}},"line":35},"5":{"name":"(anonymous_5)","decl":{"start":{"line":47,"column":2},"end":{"line":47,"column":3}},"loc":{"start":{"line":47,"column":64},"end":{"line":55,"column":3}},"line":47},"6":{"name":"(anonymous_6)","decl":{"start":{"line":60,"column":2},"end":{"line":60,"column":3}},"loc":{"start":{"line":60,"column":30},"end":{"line":63,"column":3}},"line":60},"7":{"name":"(anonymous_7)","decl":{"start":{"line":68,"column":2},"end":{"line":68,"column":3}},"loc":{"start":{"line":68,"column":37},"end":{"line":74,"column":3}},"line":68},"8":{"name":"(anonymous_8)","decl":{"start":{"line":70,"column":29},"end":{"line":70,"column":30}},"loc":{"start":{"line":70,"column":37},"end":{"line":73,"column":5}},"line":70},"9":{"name":"(anonymous_9)","decl":{"start":{"line":79,"column":2},"end":{"line":79,"column":3}},"loc":{"start":{"line":79,"column":20},"end":{"line":82,"column":3}},"line":79},"10":{"name":"(anonymous_10)","decl":{"start":{"line":81,"column":29},"end":{"line":81,"column":30}},"loc":{"start":{"line":81,"column":37},"end":{"line":81,"column":59}},"line":81},"11":{"name":"(anonymous_11)","decl":{"start":{"line":87,"column":2},"end":{"line":87,"column":3}},"loc":{"start":{"line":87,"column":23},"end":{"line":99,"column":3}},"line":87},"12":{"name":"(anonymous_12)","decl":{"start":{"line":91,"column":23},"end":{"line":91,"column":24}},"loc":{"start":{"line":91,"column":31},"end":{"line":96,"column":5}},"line":91},"13":{"name":"(anonymous_13)","decl":{"start":{"line":104,"column":2},"end":{"line":104,"column":3}},"loc":{"start":{"line":104,"column":51},"end":{"line":116,"column":3}},"line":104},"14":{"name":"(anonymous_14)","decl":{"start":{"line":121,"column":2},"end":{"line":121,"column":3}},"loc":{"start":{"line":121,"column":47},"end":{"line":128,"column":3}},"line":121},"15":{"name":"(anonymous_15)","decl":{"start":{"line":133,"column":2},"end":{"line":133,"column":3}},"loc":{"start":{"line":133,"column":17},"end":{"line":152,"column":3}},"line":133},"16":{"name":"(anonymous_16)","decl":{"start":{"line":158,"column":2},"end":{"line":158,"column":3}},"loc":{"start":{"line":158,"column":36},"end":{"line":161,"column":3}},"line":158},"17":{"name":"(anonymous_17)","decl":{"start":{"line":160,"column":29},"end":{"line":160,"column":30}},"loc":{"start":{"line":160,"column":34},"end":{"line":160,"column":56}},"line":160}},"branchMap":{"0":{"loc":{"start":{"line":31,"column":23},"end":{"line":31,"column":64}},"type":"binary-expr","locations":[{"start":{"line":31,"column":23},"end":{"line":31,"column":58}},{"start":{"line":31,"column":62},"end":{"line":31,"column":64}}],"line":31},"1":{"loc":{"start":{"line":47,"column":46},"end":{"line":47,"column":62}},"type":"default-arg","locations":[{"start":{"line":47,"column":53},"end":{"line":47,"column":62}}],"line":47},"2":{"loc":{"start":{"line":53,"column":14},"end":{"line":53,"column":65}},"type":"cond-expr","locations":[{"start":{"line":53,"column":35},"end":{"line":53,"column":43}},{"start":{"line":53,"column":46},"end":{"line":53,"column":65}}],"line":53},"3":{"loc":{"start":{"line":62,"column":11},"end":{"line":62,"column":38}},"type":"cond-expr","locations":[{"start":{"line":62,"column":18},"end":{"line":62,"column":34}},{"start":{"line":62,"column":37},"end":{"line":62,"column":38}}],"line":62},"4":{"loc":{"start":{"line":68,"column":22},"end":{"line":68,"column":35}},"type":"default-arg","locations":[{"start":{"line":68,"column":31},"end":{"line":68,"column":35}}],"line":68},"5":{"loc":{"start":{"line":69,"column":23},"end":{"line":69,"column":64}},"type":"binary-expr","locations":[{"start":{"line":69,"column":23},"end":{"line":69,"column":58}},{"start":{"line":69,"column":62},"end":{"line":69,"column":64}}],"line":69},"6":{"loc":{"start":{"line":71,"column":21},"end":{"line":71,"column":52}},"type":"binary-expr","locations":[{"start":{"line":71,"column":21},"end":{"line":71,"column":27}},{"start":{"line":71,"column":31},"end":{"line":71,"column":47}},{"start":{"line":71,"column":51},"end":{"line":71,"column":52}}],"line":71},"7":{"loc":{"start":{"line":80,"column":23},"end":{"line":80,"column":64}},"type":"binary-expr","locations":[{"start":{"line":80,"column":23},"end":{"line":80,"column":58}},{"start":{"line":80,"column":62},"end":{"line":80,"column":64}}],"line":80},"8":{"loc":{"start":{"line":88,"column":23},"end":{"line":88,"column":64}},"type":"binary-expr","locations":[{"start":{"line":88,"column":23},"end":{"line":88,"column":58}},{"start":{"line":88,"column":62},"end":{"line":88,"column":64}}],"line":88},"9":{"loc":{"start":{"line":93,"column":6},"end":{"line":95,"column":7}},"type":"if","locations":[{"start":{"line":93,"column":6},"end":{"line":95,"column":7}},{"start":{},"end":{}}],"line":93},"10":{"loc":{"start":{"line":104,"column":40},"end":{"line":104,"column":49}},"type":"default-arg","locations":[{"start":{"line":104,"column":47},"end":{"line":104,"column":49}}],"line":104},"11":{"loc":{"start":{"line":136,"column":4},"end":{"line":138,"column":5}},"type":"if","locations":[{"start":{"line":136,"column":4},"end":{"line":138,"column":5}},{"start":{},"end":{}}],"line":136},"12":{"loc":{"start":{"line":140,"column":4},"end":{"line":142,"column":5}},"type":"if","locations":[{"start":{"line":140,"column":4},"end":{"line":142,"column":5}},{"start":{},"end":{}}],"line":140},"13":{"loc":{"start":{"line":144,"column":4},"end":{"line":146,"column":5}},"type":"if","locations":[{"start":{"line":144,"column":4},"end":{"line":146,"column":5}},{"start":{},"end":{}}],"line":144},"14":{"loc":{"start":{"line":159,"column":25},"end":{"line":159,"column":68}},"type":"binary-expr","locations":[{"start":{"line":159,"column":25},"end":{"line":159,"column":62}},{"start":{"line":159,"column":66},"end":{"line":159,"column":68}}],"line":159}},"s":{"0":0,"1":0,"2":0,"3":0,"4":0,"5":0,"6":0,"7":0,"8":0,"9":0,"10":0,"11":0,"12":0,"13":0,"14":0,"15":0,"16":0,"17":0,"18":0,"19":0,"20":0,"21":0,"22":0,"23":0,"24":0,"25":0,"26":0,"27":0,"28":0,"29":0,"30":0,"31":0,"32":0,"33":0,"34":0,"35":0,"36":0,"37":0,"38":0,"39":0,"40":0,"41":0,"42":0,"43":0,"44":0,"45":0,"46":0,"47":0,"48":0,"49":0,"50":0,"51":0,"52":0,"53":0,"54":0,"55":0,"56":0,"57":0,"58":0},"f":{"0":0,"1":0,"2":0,"3":0,"4":0,"5":0,"6":0,"7":0,"8":0,"9":0,"10":0,"11":0,"12":0,"13":0,"14":0,"15":0,"16":0,"17":0},"b":{"0":[0,0],"1":[0],"2":[0,0],"3":[0,0],"4":[0],"5":[0,0],"6":[0,0,0],"7":[0,0],"8":[0,0],"9":[0,0],"10":[0],"11":[0,0],"12":[0,0],"13":[0,0],"14":[0,0]}}
,"C:\\hibo-cocina\\public\\js\\modules\\navigation.js": {"path":"C:\\hibo-cocina\\public\\js\\modules\\navigation.js","statementMap":{"0":{"start":{"line":12,"column":4},"end":{"line":12,"column":30}},"1":{"start":{"line":13,"column":4},"end":{"line":13,"column":38}},"2":{"start":{"line":20,"column":4},"end":{"line":20,"column":26}},"3":{"start":{"line":27,"column":4},"end":{"line":32,"column":7}},"4":{"start":{"line":28,"column":6},"end":{"line":31,"column":9}},"5":{"start":{"line":29,"column":24},"end":{"line":29,"column":43}},"6":{"start":{"line":30,"column":8},"end":{"line":30,"column":31}},"7":{"start":{"line":39,"column":4},"end":{"line":39,"column":46}},"8":{"start":{"line":40,"column":4},"end":{"line":40,"column":34}},"9":{"start":{"line":41,"column":4},"end":{"line":41,"column":49}},"10":{"start":{"line":44,"column":4},"end":{"line":47,"column":7}},"11":{"start":{"line":45,"column":6},"end":{"line":45,"column":31}},"12":{"start":{"line":46,"column":6},"end":{"line":46,"column":35}},"13":{"start":{"line":50,"column":27},"end":{"line":50,"column":59}},"14":{"start":{"line":51,"column":4},"end":{"line":54,"column":5}},"15":{"start":{"line":52,"column":6},"end":{"line":52,"column":45}},"16":{"start":{"line":53,"column":6},"end":{"line":53,"column":45}},"17":{"start":{"line":57,"column":4},"end":{"line":62,"column":7}},"18":{"start":{"line":58,"column":6},"end":{"line":58,"column":37}},"19":{"start":{"line":59,"column":6},"end":{"line":61,"column":7}},"20":{"start":{"line":60,"column":8},"end":{"line":60,"column":36}},"21":{"start":{"line":65,"column":4},"end":{"line":65,"column":32}},"22":{"start":{"line":72,"column":4},"end":{"line":102,"column":5}},"23":{"start":{"line":73,"column":6},"end":{"line":98,"column":7}},"24":{"start":{"line":75,"column":10},"end":{"line":75,"column":39}},"25":{"start":{"line":76,"column":10},"end":{"line":76,"column":16}},"26":{"start":{"line":78,"column":10},"end":{"line":78,"column":38}},"27":{"start":{"line":79,"column":10},"end":{"line":79,"column":34}},"28":{"start":{"line":80,"column":10},"end":{"line":80,"column":16}},"29":{"start":{"line":83,"column":10},"end":{"line":83,"column":16}},"30":{"start":{"line":86,"column":10},"end":{"line":86,"column":16}},"31":{"start":{"line":88,"column":10},"end":{"line":90,"column":11}},"32":{"start":{"line":89,"column":12},"end":{"line":89,"column":34}},"33":{"start":{"line":91,"column":10},"end":{"line":91,"column":16}},"34":{"start":{"line":93,"column":10},"end":{"line":95,"column":11}},"35":{"start":{"line":94,"column":12},"end":{"line":94,"column":37}},"36":{"start":{"line":96,"column":10},"end":{"line":96,"column":16}},"37":{"start":{"line":100,"column":6},"end":{"line":100,"column":65}},"38":{"start":{"line":101,"column":6},"end":{"line":101,"column":49}},"39":{"start":{"line":109,"column":4},"end":{"line":115,"column":5}},"40":{"start":{"line":110,"column":20},"end":{"line":110,"column":64}},"41":{"start":{"line":112,"column":6},"end":{"line":112,"column":49}},"42":{"start":{"line":114,"column":6},"end":{"line":114,"column":50}},"43":{"start":{"line":122,"column":19},"end":{"line":122,"column":45}},"44":{"start":{"line":123,"column":18},"end":{"line":123,"column":60}},"45":{"start":{"line":125,"column":4},"end":{"line":125,"column":23}},"46":{"start":{"line":125,"column":16},"end":{"line":125,"column":23}},"47":{"start":{"line":127,"column":4},"end":{"line":130,"column":5}},"48":{"start":{"line":128,"column":6},"end":{"line":128,"column":90}},"49":{"start":{"line":129,"column":6},"end":{"line":129,"column":13}},"50":{"start":{"line":132,"column":4},"end":{"line":143,"column":16}},"51":{"start":{"line":132,"column":42},"end":{"line":143,"column":5}},"52":{"start":{"line":148,"column":25},"end":{"line":148,"column":47}},"53":{"start":{"line":151,"column":0},"end":{"line":151,"column":43}},"54":{"start":{"line":153,"column":0},"end":{"line":153,"column":66}}},"fnMap":{"0":{"name":"(anonymous_0)","decl":{"start":{"line":11,"column":2},"end":{"line":11,"column":3}},"loc":{"start":{"line":11,"column":16},"end":{"line":14,"column":3}},"line":11},"1":{"name":"(anonymous_1)","decl":{"start":{"line":19,"column":2},"end":{"line":19,"column":3}},"loc":{"start":{"line":19,"column":9},"end":{"line":21,"column":3}},"line":19},"2":{"name":"(anonymous_2)","decl":{"start":{"line":26,"column":2},"end":{"line":26,"column":3}},"loc":{"start":{"line":26,"column":19},"end":{"line":33,"column":3}},"line":26},"3":{"name":"(anonymous_3)","decl":{"start":{"line":27,"column":50},"end":{"line":27,"column":51}},"loc":{"start":{"line":27,"column":57},"end":{"line":32,"column":5}},"line":27},"4":{"name":"(anonymous_4)","decl":{"start":{"line":28,"column":36},"end":{"line":28,"column":37}},"loc":{"start":{"line":28,"column":42},"end":{"line":31,"column":7}},"line":28},"5":{"name":"(anonymous_5)","decl":{"start":{"line":38,"column":2},"end":{"line":38,"column":3}},"loc":{"start":{"line":38,"column":20},"end":{"line":66,"column":3}},"line":38},"6":{"name":"(anonymous_6)","decl":{"start":{"line":44,"column":50},"end":{"line":44,"column":51}},"loc":{"start":{"line":44,"column":55},"end":{"line":47,"column":5}},"line":44},"7":{"name":"(anonymous_7)","decl":{"start":{"line":57,"column":50},"end":{"line":57,"column":51}},"loc":{"start":{"line":57,"column":57},"end":{"line":62,"column":5}},"line":57},"8":{"name":"(anonymous_8)","decl":{"start":{"line":71,"column":2},"end":{"line":71,"column":3}},"loc":{"start":{"line":71,"column":31},"end":{"line":103,"column":3}},"line":71},"9":{"name":"(anonymous_9)","decl":{"start":{"line":108,"column":2},"end":{"line":108,"column":3}},"loc":{"start":{"line":108,"column":26},"end":{"line":116,"column":3}},"line":108},"10":{"name":"(anonymous_10)","decl":{"start":{"line":121,"column":2},"end":{"line":121,"column":3}},"loc":{"start":{"line":121,"column":21},"end":{"line":144,"column":3}},"line":121},"11":{"name":"(anonymous_11)","decl":{"start":{"line":132,"column":33},"end":{"line":132,"column":34}},"loc":{"start":{"line":132,"column":42},"end":{"line":143,"column":5}},"line":132}},"branchMap":{"0":{"loc":{"start":{"line":51,"column":4},"end":{"line":54,"column":5}},"type":"if","locations":[{"start":{"line":51,"column":4},"end":{"line":54,"column":5}},{"start":{},"end":{}}],"line":51},"1":{"loc":{"start":{"line":59,"column":6},"end":{"line":61,"column":7}},"type":"if","locations":[{"start":{"line":59,"column":6},"end":{"line":61,"column":7}},{"start":{},"end":{}}],"line":59},"2":{"loc":{"start":{"line":73,"column":6},"end":{"line":98,"column":7}},"type":"switch","locations":[{"start":{"line":74,"column":8},"end":{"line":76,"column":16}},{"start":{"line":77,"column":8},"end":{"line":80,"column":16}},{"start":{"line":81,"column":8},"end":{"line":83,"column":16}},{"start":{"line":84,"column":8},"end":{"line":86,"column":16}},{"start":{"line":87,"column":8},"end":{"line":91,"column":16}},{"start":{"line":92,"column":8},"end":{"line":96,"column":16}}],"line":73},"3":{"loc":{"start":{"line":88,"column":10},"end":{"line":90,"column":11}},"type":"if","locations":[{"start":{"line":88,"column":10},"end":{"line":90,"column":11}},{"start":{},"end":{}}],"line":88},"4":{"loc":{"start":{"line":93,"column":10},"end":{"line":95,"column":11}},"type":"if","locations":[{"start":{"line":93,"column":10},"end":{"line":95,"column":11}},{"start":{},"end":{}}],"line":93},"5":{"loc":{"start":{"line":125,"column":4},"end":{"line":125,"column":23}},"type":"if","locations":[{"start":{"line":125,"column":4},"end":{"line":125,"column":23}},{"start":{},"end":{}}],"line":125},"6":{"loc":{"start":{"line":127,"column":4},"end":{"line":130,"column":5}},"type":"if","locations":[{"start":{"line":127,"column":4},"end":{"line":130,"column":5}},{"start":{},"end":{}}],"line":127},"7":{"loc":{"start":{"line":127,"column":8},"end":{"line":127,"column":38}},"type":"binary-expr","locations":[{"start":{"line":127,"column":8},"end":{"line":127,"column":15}},{"start":{"line":127,"column":19},"end":{"line":127,"column":38}}],"line":127},"8":{"loc":{"start":{"line":136,"column":14},"end":{"line":136,"column":37}},"type":"binary-expr","locations":[{"start":{"line":136,"column":14},"end":{"line":136,"column":30}},{"start":{"line":136,"column":34},"end":{"line":136,"column":37}}],"line":136},"9":{"loc":{"start":{"line":137,"column":29},"end":{"line":137,"column":45}},"type":"binary-expr","locations":[{"start":{"line":137,"column":29},"end":{"line":137,"column":40}},{"start":{"line":137,"column":44},"end":{"line":137,"column":45}}],"line":137}},"s":{"0":0,"1":0,"2":0,"3":0,"4":0,"5":0,"6":0,"7":0,"8":0,"9":0,"10":0,"11":0,"12":0,"13":0,"14":0,"15":0,"16":0,"17":0,"18":0,"19":0,"20":0,"21":0,"22":0,"23":0,"24":0,"25":0,"26":0,"27":0,"28":0,"29":0,"30":0,"31":0,"32":0,"33":0,"34":0,"35":0,"36":0,"37":0,"38":0,"39":0,"40":0,"41":0,"42":0,"43":0,"44":0,"45":0,"46":0,"47":0,"48":0,"49":0,"50":0,"51":0,"52":0,"53":0,"54":0},"f":{"0":0,"1":0,"2":0,"3":0,"4":0,"5":0,"6":0,"7":0,"8":0,"9":0,"10":0,"11":0},"b":{"0":[0,0],"1":[0,0],"2":[0,0,0,0,0,0],"3":[0,0],"4":[0,0],"5":[0,0],"6":[0,0],"7":[0,0],"8":[0,0],"9":[0,0]}}
,"C:\\hibo-cocina\\public\\js\\modules\\pedidos.js": {"path":"C:\\hibo-cocina\\public\\js\\modules\\pedidos.js","statementMap":{"0":{"start":{"line":12,"column":4},"end":{"line":12,"column":40}},"1":{"start":{"line":13,"column":4},"end":{"line":13,"column":44}},"2":{"start":{"line":14,"column":4},"end":{"line":14,"column":31}},"3":{"start":{"line":18,"column":4},"end":{"line":27,"column":5}},"4":{"start":{"line":19,"column":6},"end":{"line":19,"column":44}},"5":{"start":{"line":20,"column":22},"end":{"line":20,"column":62}},"6":{"start":{"line":21,"column":6},"end":{"line":21,"column":48}},"7":{"start":{"line":22,"column":6},"end":{"line":22,"column":58}},"8":{"start":{"line":23,"column":6},"end":{"line":23,"column":21}},"9":{"start":{"line":25,"column":6},"end":{"line":25,"column":55}},"10":{"start":{"line":26,"column":6},"end":{"line":26,"column":18}},"11":{"start":{"line":31,"column":20},"end":{"line":31,"column":58}},"12":{"start":{"line":32,"column":4},"end":{"line":32,"column":42}},"13":{"start":{"line":32,"column":29},"end":{"line":32,"column":40}},"14":{"start":{"line":36,"column":4},"end":{"line":44,"column":5}},"15":{"start":{"line":37,"column":6},"end":{"line":37,"column":48}},"16":{"start":{"line":38,"column":26},"end":{"line":38,"column":74}},"17":{"start":{"line":39,"column":6},"end":{"line":39,"column":26}},"18":{"start":{"line":40,"column":6},"end":{"line":40,"column":25}},"19":{"start":{"line":42,"column":6},"end":{"line":42,"column":53}},"20":{"start":{"line":43,"column":6},"end":{"line":43,"column":18}},"21":{"start":{"line":48,"column":4},"end":{"line":56,"column":5}},"22":{"start":{"line":49,"column":6},"end":{"line":49,"column":54}},"23":{"start":{"line":50,"column":26},"end":{"line":50,"column":84}},"24":{"start":{"line":51,"column":6},"end":{"line":51,"column":26}},"25":{"start":{"line":52,"column":6},"end":{"line":52,"column":25}},"26":{"start":{"line":54,"column":6},"end":{"line":54,"column":58}},"27":{"start":{"line":55,"column":6},"end":{"line":55,"column":18}},"28":{"start":{"line":60,"column":4},"end":{"line":68,"column":5}},"29":{"start":{"line":61,"column":6},"end":{"line":61,"column":53}},"30":{"start":{"line":62,"column":6},"end":{"line":62,"column":61}},"31":{"start":{"line":63,"column":6},"end":{"line":63,"column":26}},"32":{"start":{"line":64,"column":6},"end":{"line":64,"column":40}},"33":{"start":{"line":66,"column":6},"end":{"line":66,"column":56}},"34":{"start":{"line":67,"column":6},"end":{"line":67,"column":18}},"35":{"start":{"line":79,"column":27},"end":{"line":79,"column":104}},"36":{"start":{"line":80,"column":4},"end":{"line":82,"column":5}},"37":{"start":{"line":81,"column":6},"end":{"line":81,"column":57}},"38":{"start":{"line":83,"column":4},"end":{"line":83,"column":56}},"39":{"start":{"line":90,"column":20},"end":{"line":90,"column":58}},"40":{"start":{"line":91,"column":4},"end":{"line":91,"column":52}},"41":{"start":{"line":91,"column":31},"end":{"line":91,"column":50}},"42":{"start":{"line":98,"column":4},"end":{"line":98,"column":39}},"43":{"start":{"line":105,"column":4},"end":{"line":105,"column":41}},"44":{"start":{"line":112,"column":20},"end":{"line":112,"column":58}},"45":{"start":{"line":113,"column":4},"end":{"line":116,"column":7}},"46":{"start":{"line":114,"column":20},"end":{"line":114,"column":37}},"47":{"start":{"line":115,"column":6},"end":{"line":115,"column":75}},"48":{"start":{"line":123,"column":19},"end":{"line":123,"column":35}},"49":{"start":{"line":124,"column":4},"end":{"line":124,"column":26}},"50":{"start":{"line":124,"column":17},"end":{"line":124,"column":26}},"51":{"start":{"line":126,"column":16},"end":{"line":126,"column":17}},"52":{"start":{"line":127,"column":4},"end":{"line":129,"column":7}},"53":{"start":{"line":128,"column":6},"end":{"line":128,"column":43}},"54":{"start":{"line":131,"column":4},"end":{"line":131,"column":17}},"55":{"start":{"line":138,"column":27},"end":{"line":138,"column":63}},"56":{"start":{"line":139,"column":30},"end":{"line":139,"column":82}},"57":{"start":{"line":139,"column":57},"end":{"line":139,"column":81}},"58":{"start":{"line":141,"column":23},"end":{"line":141,"column":24}},"59":{"start":{"line":142,"column":4},"end":{"line":144,"column":7}},"60":{"start":{"line":143,"column":6},"end":{"line":143,"column":47}},"61":{"start":{"line":146,"column":4},"end":{"line":151,"column":6}},"62":{"start":{"line":158,"column":20},"end":{"line":158,"column":58}},"63":{"start":{"line":159,"column":4},"end":{"line":159,"column":58}},"64":{"start":{"line":159,"column":31},"end":{"line":159,"column":56}},"65":{"start":{"line":166,"column":20},"end":{"line":166,"column":22}},"66":{"start":{"line":168,"column":4},"end":{"line":170,"column":5}},"67":{"start":{"line":169,"column":6},"end":{"line":169,"column":40}},"68":{"start":{"line":172,"column":4},"end":{"line":174,"column":5}},"69":{"start":{"line":173,"column":6},"end":{"line":173,"column":52}},"70":{"start":{"line":176,"column":4},"end":{"line":183,"column":7}},"71":{"start":{"line":177,"column":6},"end":{"line":179,"column":7}},"72":{"start":{"line":178,"column":8},"end":{"line":178,"column":55}},"73":{"start":{"line":180,"column":6},"end":{"line":182,"column":7}},"74":{"start":{"line":181,"column":8},"end":{"line":181,"column":57}},"75":{"start":{"line":185,"column":4},"end":{"line":188,"column":6}},"76":{"start":{"line":196,"column":22},"end":{"line":196,"column":41}},"77":{"start":{"line":199,"column":0},"end":{"line":199,"column":37}},"78":{"start":{"line":201,"column":0},"end":{"line":201,"column":63}}},"fnMap":{"0":{"name":"(anonymous_0)","decl":{"start":{"line":11,"column":2},"end":{"line":11,"column":3}},"loc":{"start":{"line":11,"column":16},"end":{"line":15,"column":3}},"line":11},"1":{"name":"(anonymous_1)","decl":{"start":{"line":17,"column":2},"end":{"line":17,"column":3}},"loc":{"start":{"line":17,"column":17},"end":{"line":28,"column":3}},"line":17},"2":{"name":"(anonymous_2)","decl":{"start":{"line":30,"column":2},"end":{"line":30,"column":3}},"loc":{"start":{"line":30,"column":14},"end":{"line":33,"column":3}},"line":30},"3":{"name":"(anonymous_3)","decl":{"start":{"line":32,"column":24},"end":{"line":32,"column":25}},"loc":{"start":{"line":32,"column":29},"end":{"line":32,"column":40}},"line":32},"4":{"name":"(anonymous_4)","decl":{"start":{"line":35,"column":2},"end":{"line":35,"column":3}},"loc":{"start":{"line":35,"column":21},"end":{"line":45,"column":3}},"line":35},"5":{"name":"(anonymous_5)","decl":{"start":{"line":47,"column":2},"end":{"line":47,"column":3}},"loc":{"start":{"line":47,"column":30},"end":{"line":57,"column":3}},"line":47},"6":{"name":"(anonymous_6)","decl":{"start":{"line":59,"column":2},"end":{"line":59,"column":3}},"loc":{"start":{"line":59,"column":21},"end":{"line":69,"column":3}},"line":59},"7":{"name":"(anonymous_7)","decl":{"start":{"line":78,"column":2},"end":{"line":78,"column":3}},"loc":{"start":{"line":78,"column":39},"end":{"line":84,"column":3}},"line":78},"8":{"name":"(anonymous_8)","decl":{"start":{"line":89,"column":2},"end":{"line":89,"column":3}},"loc":{"start":{"line":89,"column":20},"end":{"line":92,"column":3}},"line":89},"9":{"name":"(anonymous_9)","decl":{"start":{"line":91,"column":26},"end":{"line":91,"column":27}},"loc":{"start":{"line":91,"column":31},"end":{"line":91,"column":50}},"line":91},"10":{"name":"(anonymous_10)","decl":{"start":{"line":97,"column":2},"end":{"line":97,"column":3}},"loc":{"start":{"line":97,"column":22},"end":{"line":99,"column":3}},"line":97},"11":{"name":"(anonymous_11)","decl":{"start":{"line":104,"column":2},"end":{"line":104,"column":3}},"loc":{"start":{"line":104,"column":25},"end":{"line":106,"column":3}},"line":104},"12":{"name":"(anonymous_12)","decl":{"start":{"line":111,"column":2},"end":{"line":111,"column":3}},"loc":{"start":{"line":111,"column":34},"end":{"line":117,"column":3}},"line":111},"13":{"name":"(anonymous_13)","decl":{"start":{"line":113,"column":26},"end":{"line":113,"column":27}},"loc":{"start":{"line":113,"column":31},"end":{"line":116,"column":5}},"line":113},"14":{"name":"(anonymous_14)","decl":{"start":{"line":122,"column":2},"end":{"line":122,"column":3}},"loc":{"start":{"line":122,"column":20},"end":{"line":132,"column":3}},"line":122},"15":{"name":"(anonymous_15)","decl":{"start":{"line":127,"column":33},"end":{"line":127,"column":34}},"loc":{"start":{"line":127,"column":41},"end":{"line":129,"column":5}},"line":127},"16":{"name":"(anonymous_16)","decl":{"start":{"line":137,"column":2},"end":{"line":137,"column":3}},"loc":{"start":{"line":137,"column":48},"end":{"line":152,"column":3}},"line":137},"17":{"name":"(anonymous_17)","decl":{"start":{"line":139,"column":52},"end":{"line":139,"column":53}},"loc":{"start":{"line":139,"column":57},"end":{"line":139,"column":81}},"line":139},"18":{"name":"(anonymous_18)","decl":{"start":{"line":142,"column":30},"end":{"line":142,"column":31}},"loc":{"start":{"line":142,"column":35},"end":{"line":144,"column":5}},"line":142},"19":{"name":"(anonymous_19)","decl":{"start":{"line":157,"column":2},"end":{"line":157,"column":3}},"loc":{"start":{"line":157,"column":24},"end":{"line":160,"column":3}},"line":157},"20":{"name":"(anonymous_20)","decl":{"start":{"line":159,"column":26},"end":{"line":159,"column":27}},"loc":{"start":{"line":159,"column":31},"end":{"line":159,"column":56}},"line":159},"21":{"name":"(anonymous_21)","decl":{"start":{"line":165,"column":2},"end":{"line":165,"column":3}},"loc":{"start":{"line":165,"column":17},"end":{"line":189,"column":3}},"line":165},"22":{"name":"(anonymous_22)","decl":{"start":{"line":176,"column":25},"end":{"line":176,"column":26}},"loc":{"start":{"line":176,"column":38},"end":{"line":183,"column":5}},"line":176}},"branchMap":{"0":{"loc":{"start":{"line":31,"column":20},"end":{"line":31,"column":58}},"type":"binary-expr","locations":[{"start":{"line":31,"column":20},"end":{"line":31,"column":52}},{"start":{"line":31,"column":56},"end":{"line":31,"column":58}}],"line":31},"1":{"loc":{"start":{"line":80,"column":4},"end":{"line":82,"column":5}},"type":"if","locations":[{"start":{"line":80,"column":4},"end":{"line":82,"column":5}},{"start":{},"end":{}}],"line":80},"2":{"loc":{"start":{"line":90,"column":20},"end":{"line":90,"column":58}},"type":"binary-expr","locations":[{"start":{"line":90,"column":20},"end":{"line":90,"column":52}},{"start":{"line":90,"column":56},"end":{"line":90,"column":58}}],"line":90},"3":{"loc":{"start":{"line":112,"column":20},"end":{"line":112,"column":58}},"type":"binary-expr","locations":[{"start":{"line":112,"column":20},"end":{"line":112,"column":52}},{"start":{"line":112,"column":56},"end":{"line":112,"column":58}}],"line":112},"4":{"loc":{"start":{"line":115,"column":13},"end":{"line":115,"column":74}},"type":"binary-expr","locations":[{"start":{"line":115,"column":13},"end":{"line":115,"column":43}},{"start":{"line":115,"column":47},"end":{"line":115,"column":74}}],"line":115},"5":{"loc":{"start":{"line":124,"column":4},"end":{"line":124,"column":26}},"type":"if","locations":[{"start":{"line":124,"column":4},"end":{"line":124,"column":26}},{"start":{},"end":{}}],"line":124},"6":{"loc":{"start":{"line":127,"column":5},"end":{"line":127,"column":23}},"type":"binary-expr","locations":[{"start":{"line":127,"column":5},"end":{"line":127,"column":17}},{"start":{"line":127,"column":21},"end":{"line":127,"column":23}}],"line":127},"7":{"loc":{"start":{"line":150,"column":27},"end":{"line":150,"column":101}},"type":"cond-expr","locations":[{"start":{"line":150,"column":58},"end":{"line":150,"column":97}},{"start":{"line":150,"column":100},"end":{"line":150,"column":101}}],"line":150},"8":{"loc":{"start":{"line":158,"column":20},"end":{"line":158,"column":58}},"type":"binary-expr","locations":[{"start":{"line":158,"column":20},"end":{"line":158,"column":52}},{"start":{"line":158,"column":56},"end":{"line":158,"column":58}}],"line":158},"9":{"loc":{"start":{"line":168,"column":4},"end":{"line":170,"column":5}},"type":"if","locations":[{"start":{"line":168,"column":4},"end":{"line":170,"column":5}},{"start":{},"end":{}}],"line":168},"10":{"loc":{"start":{"line":172,"column":4},"end":{"line":174,"column":5}},"type":"if","locations":[{"start":{"line":172,"column":4},"end":{"line":174,"column":5}},{"start":{},"end":{}}],"line":172},"11":{"loc":{"start":{"line":172,"column":8},"end":{"line":172,"column":63}},"type":"binary-expr","locations":[{"start":{"line":172,"column":8},"end":{"line":172,"column":35}},{"start":{"line":172,"column":39},"end":{"line":172,"column":63}}],"line":172},"12":{"loc":{"start":{"line":177,"column":6},"end":{"line":179,"column":7}},"type":"if","locations":[{"start":{"line":177,"column":6},"end":{"line":179,"column":7}},{"start":{},"end":{}}],"line":177},"13":{"loc":{"start":{"line":180,"column":6},"end":{"line":182,"column":7}},"type":"if","locations":[{"start":{"line":180,"column":6},"end":{"line":182,"column":7}},{"start":{},"end":{}}],"line":180}},"s":{"0":0,"1":0,"2":0,"3":0,"4":0,"5":0,"6":0,"7":0,"8":0,"9":0,"10":0,"11":0,"12":0,"13":0,"14":0,"15":0,"16":0,"17":0,"18":0,"19":0,"20":0,"21":0,"22":0,"23":0,"24":0,"25":0,"26":0,"27":0,"28":0,"29":0,"30":0,"31":0,"32":0,"33":0,"34":0,"35":0,"36":0,"37":0,"38":0,"39":0,"40":0,"41":0,"42":0,"43":0,"44":0,"45":0,"46":0,"47":0,"48":0,"49":0,"50":0,"51":0,"52":0,"53":0,"54":0,"55":0,"56":0,"57":0,"58":0,"59":0,"60":0,"61":0,"62":0,"63":0,"64":0,"65":0,"66":0,"67":0,"68":0,"69":0,"70":0,"71":0,"72":0,"73":0,"74":0,"75":0,"76":0,"77":0,"78":0},"f":{"0":0,"1":0,"2":0,"3":0,"4":0,"5":0,"6":0,"7":0,"8":0,"9":0,"10":0,"11":0,"12":0,"13":0,"14":0,"15":0,"16":0,"17":0,"18":0,"19":0,"20":0,"21":0,"22":0},"b":{"0":[0,0],"1":[0,0],"2":[0,0],"3":[0,0],"4":[0,0],"5":[0,0],"6":[0,0],"7":[0,0],"8":[0,0],"9":[0,0],"10":[0,0],"11":[0,0],"12":[0,0],"13":[0,0]}}
,"C:\\hibo-cocina\\public\\js\\modules\\platos.js": {"path":"C:\\hibo-cocina\\public\\js\\modules\\platos.js","statementMap":{"0":{"start":{"line":13,"column":4},"end":{"line":13,"column":26}},"1":{"start":{"line":14,"column":4},"end":{"line":14,"column":30}},"2":{"start":{"line":21,"column":4},"end":{"line":29,"column":5}},"3":{"start":{"line":22,"column":21},"end":{"line":22,"column":50}},"4":{"start":{"line":23,"column":6},"end":{"line":23,"column":39}},"5":{"start":{"line":24,"column":6},"end":{"line":24,"column":20}},"6":{"start":{"line":26,"column":6},"end":{"line":26,"column":53}},"7":{"start":{"line":27,"column":6},"end":{"line":27,"column":45}},"8":{"start":{"line":28,"column":6},"end":{"line":28,"column":16}},"9":{"start":{"line":36,"column":4},"end":{"line":43,"column":5}},"10":{"start":{"line":37,"column":23},"end":{"line":37,"column":58}},"11":{"start":{"line":38,"column":6},"end":{"line":38,"column":39}},"12":{"start":{"line":40,"column":6},"end":{"line":40,"column":58}},"13":{"start":{"line":41,"column":6},"end":{"line":41,"column":44}},"14":{"start":{"line":42,"column":6},"end":{"line":42,"column":18}},"15":{"start":{"line":50,"column":4},"end":{"line":59,"column":5}},"16":{"start":{"line":51,"column":23},"end":{"line":51,"column":60}},"17":{"start":{"line":52,"column":6},"end":{"line":52,"column":51}},"18":{"start":{"line":53,"column":6},"end":{"line":53,"column":26}},"19":{"start":{"line":54,"column":6},"end":{"line":54,"column":22}},"20":{"start":{"line":56,"column":6},"end":{"line":56,"column":51}},"21":{"start":{"line":57,"column":6},"end":{"line":57,"column":43}},"22":{"start":{"line":58,"column":6},"end":{"line":58,"column":18}},"23":{"start":{"line":66,"column":4},"end":{"line":75,"column":5}},"24":{"start":{"line":67,"column":23},"end":{"line":67,"column":65}},"25":{"start":{"line":68,"column":6},"end":{"line":68,"column":56}},"26":{"start":{"line":69,"column":6},"end":{"line":69,"column":26}},"27":{"start":{"line":70,"column":6},"end":{"line":70,"column":22}},"28":{"start":{"line":72,"column":6},"end":{"line":72,"column":56}},"29":{"start":{"line":73,"column":6},"end":{"line":73,"column":48}},"30":{"start":{"line":74,"column":6},"end":{"line":74,"column":18}},"31":{"start":{"line":82,"column":4},"end":{"line":90,"column":5}},"32":{"start":{"line":83,"column":6},"end":{"line":83,"column":45}},"33":{"start":{"line":84,"column":6},"end":{"line":84,"column":54}},"34":{"start":{"line":85,"column":6},"end":{"line":85,"column":26}},"35":{"start":{"line":87,"column":6},"end":{"line":87,"column":54}},"36":{"start":{"line":88,"column":6},"end":{"line":88,"column":46}},"37":{"start":{"line":89,"column":6},"end":{"line":89,"column":18}},"38":{"start":{"line":97,"column":17},"end":{"line":97,"column":41}},"39":{"start":{"line":99,"column":4},"end":{"line":105,"column":5}},"40":{"start":{"line":100,"column":21},"end":{"line":100,"column":52}},"41":{"start":{"line":101,"column":6},"end":{"line":104,"column":8}},"42":{"start":{"line":102,"column":8},"end":{"line":103,"column":50}},"43":{"start":{"line":107,"column":4},"end":{"line":109,"column":5}},"44":{"start":{"line":108,"column":6},"end":{"line":108,"column":66}},"45":{"start":{"line":108,"column":34},"end":{"line":108,"column":64}},"46":{"start":{"line":111,"column":4},"end":{"line":111,"column":18}},"47":{"start":{"line":118,"column":4},"end":{"line":124,"column":5}},"48":{"start":{"line":119,"column":23},"end":{"line":119,"column":65}},"49":{"start":{"line":120,"column":6},"end":{"line":120,"column":33}},"50":{"start":{"line":122,"column":6},"end":{"line":122,"column":59}},"51":{"start":{"line":123,"column":6},"end":{"line":123,"column":16}},"52":{"start":{"line":129,"column":21},"end":{"line":129,"column":39}},"53":{"start":{"line":132,"column":0},"end":{"line":132,"column":35}},"54":{"start":{"line":134,"column":0},"end":{"line":134,"column":62}}},"fnMap":{"0":{"name":"(anonymous_0)","decl":{"start":{"line":12,"column":2},"end":{"line":12,"column":3}},"loc":{"start":{"line":12,"column":16},"end":{"line":15,"column":3}},"line":12},"1":{"name":"(anonymous_1)","decl":{"start":{"line":20,"column":2},"end":{"line":20,"column":3}},"loc":{"start":{"line":20,"column":17},"end":{"line":30,"column":3}},"line":20},"2":{"name":"(anonymous_2)","decl":{"start":{"line":35,"column":2},"end":{"line":35,"column":3}},"loc":{"start":{"line":35,"column":20},"end":{"line":44,"column":3}},"line":35},"3":{"name":"(anonymous_3)","decl":{"start":{"line":49,"column":2},"end":{"line":49,"column":3}},"loc":{"start":{"line":49,"column":21},"end":{"line":60,"column":3}},"line":49},"4":{"name":"(anonymous_4)","decl":{"start":{"line":65,"column":2},"end":{"line":65,"column":3}},"loc":{"start":{"line":65,"column":30},"end":{"line":76,"column":3}},"line":65},"5":{"name":"(anonymous_5)","decl":{"start":{"line":81,"column":2},"end":{"line":81,"column":3}},"loc":{"start":{"line":81,"column":21},"end":{"line":91,"column":3}},"line":81},"6":{"name":"(anonymous_6)","decl":{"start":{"line":96,"column":2},"end":{"line":96,"column":3}},"loc":{"start":{"line":96,"column":24},"end":{"line":112,"column":3}},"line":96},"7":{"name":"(anonymous_7)","decl":{"start":{"line":101,"column":29},"end":{"line":101,"column":30}},"loc":{"start":{"line":102,"column":8},"end":{"line":103,"column":50}},"line":102},"8":{"name":"(anonymous_8)","decl":{"start":{"line":108,"column":29},"end":{"line":108,"column":30}},"loc":{"start":{"line":108,"column":34},"end":{"line":108,"column":64}},"line":108},"9":{"name":"(anonymous_9)","decl":{"start":{"line":117,"column":2},"end":{"line":117,"column":3}},"loc":{"start":{"line":117,"column":30},"end":{"line":125,"column":3}},"line":117}},"branchMap":{"0":{"loc":{"start":{"line":38,"column":13},"end":{"line":38,"column":38}},"type":"binary-expr","locations":[{"start":{"line":38,"column":13},"end":{"line":38,"column":26}},{"start":{"line":38,"column":30},"end":{"line":38,"column":38}}],"line":38},"1":{"loc":{"start":{"line":96,"column":10},"end":{"line":96,"column":22}},"type":"default-arg","locations":[{"start":{"line":96,"column":20},"end":{"line":96,"column":22}}],"line":96},"2":{"loc":{"start":{"line":99,"column":4},"end":{"line":105,"column":5}},"type":"if","locations":[{"start":{"line":99,"column":4},"end":{"line":105,"column":5}},{"start":{},"end":{}}],"line":99},"3":{"loc":{"start":{"line":102,"column":8},"end":{"line":103,"column":50}},"type":"binary-expr","locations":[{"start":{"line":102,"column":8},"end":{"line":102,"column":50}},{"start":{"line":103,"column":8},"end":{"line":103,"column":50}}],"line":102},"4":{"loc":{"start":{"line":107,"column":4},"end":{"line":109,"column":5}},"type":"if","locations":[{"start":{"line":107,"column":4},"end":{"line":109,"column":5}},{"start":{},"end":{}}],"line":107},"5":{"loc":{"start":{"line":120,"column":13},"end":{"line":120,"column":32}},"type":"binary-expr","locations":[{"start":{"line":120,"column":13},"end":{"line":120,"column":26}},{"start":{"line":120,"column":30},"end":{"line":120,"column":32}}],"line":120}},"s":{"0":0,"1":0,"2":0,"3":0,"4":0,"5":0,"6":0,"7":0,"8":0,"9":0,"10":0,"11":0,"12":0,"13":0,"14":0,"15":0,"16":0,"17":0,"18":0,"19":0,"20":0,"21":0,"22":0,"23":0,"24":0,"25":0,"26":0,"27":0,"28":0,"29":0,"30":0,"31":0,"32":0,"33":0,"34":0,"35":0,"36":0,"37":0,"38":0,"39":0,"40":0,"41":0,"42":0,"43":0,"44":0,"45":0,"46":0,"47":0,"48":0,"49":0,"50":0,"51":0,"52":0,"53":0,"54":0},"f":{"0":0,"1":0,"2":0,"3":0,"4":0,"5":0,"6":0,"7":0,"8":0,"9":0},"b":{"0":[0,0],"1":[0],"2":[0,0],"3":[0,0],"4":[0,0],"5":[0,0]}}
,"C:\\hibo-cocina\\public\\js\\modules\\produccion.js": {"path":"C:\\hibo-cocina\\public\\js\\modules\\produccion.js","statementMap":{"0":{"start":{"line":12,"column":4},"end":{"line":12,"column":40}},"1":{"start":{"line":13,"column":4},"end":{"line":13,"column":44}},"2":{"start":{"line":14,"column":4},"end":{"line":14,"column":39}},"3":{"start":{"line":18,"column":4},"end":{"line":28,"column":5}},"4":{"start":{"line":19,"column":6},"end":{"line":19,"column":77}},"5":{"start":{"line":20,"column":25},"end":{"line":20,"column":65}},"6":{"start":{"line":21,"column":6},"end":{"line":21,"column":53}},"7":{"start":{"line":22,"column":6},"end":{"line":22,"column":54}},"8":{"start":{"line":23,"column":6},"end":{"line":23,"column":61}},"9":{"start":{"line":24,"column":6},"end":{"line":24,"column":24}},"10":{"start":{"line":26,"column":6},"end":{"line":26,"column":60}},"11":{"start":{"line":27,"column":6},"end":{"line":27,"column":18}},"12":{"start":{"line":32,"column":23},"end":{"line":32,"column":64}},"13":{"start":{"line":33,"column":4},"end":{"line":33,"column":45}},"14":{"start":{"line":33,"column":32},"end":{"line":33,"column":43}},"15":{"start":{"line":41,"column":4},"end":{"line":49,"column":5}},"16":{"start":{"line":42,"column":6},"end":{"line":42,"column":62}},"17":{"start":{"line":43,"column":25},"end":{"line":43,"column":73}},"18":{"start":{"line":44,"column":6},"end":{"line":44,"column":26}},"19":{"start":{"line":45,"column":6},"end":{"line":45,"column":24}},"20":{"start":{"line":47,"column":6},"end":{"line":47,"column":52}},"21":{"start":{"line":48,"column":6},"end":{"line":48,"column":18}},"22":{"start":{"line":53,"column":4},"end":{"line":61,"column":5}},"23":{"start":{"line":54,"column":6},"end":{"line":54,"column":53}},"24":{"start":{"line":55,"column":26},"end":{"line":55,"column":84}},"25":{"start":{"line":56,"column":6},"end":{"line":56,"column":26}},"26":{"start":{"line":57,"column":6},"end":{"line":57,"column":25}},"27":{"start":{"line":59,"column":6},"end":{"line":59,"column":57}},"28":{"start":{"line":60,"column":6},"end":{"line":60,"column":18}},"29":{"start":{"line":65,"column":27},"end":{"line":65,"column":101}},"30":{"start":{"line":66,"column":4},"end":{"line":68,"column":5}},"31":{"start":{"line":67,"column":6},"end":{"line":67,"column":57}},"32":{"start":{"line":69,"column":4},"end":{"line":69,"column":61}},"33":{"start":{"line":80,"column":23},"end":{"line":80,"column":64}},"34":{"start":{"line":81,"column":4},"end":{"line":81,"column":55}},"35":{"start":{"line":81,"column":34},"end":{"line":81,"column":53}},"36":{"start":{"line":88,"column":4},"end":{"line":88,"column":48}},"37":{"start":{"line":95,"column":4},"end":{"line":95,"column":51}},"38":{"start":{"line":102,"column":24},"end":{"line":102,"column":59}},"39":{"start":{"line":103,"column":16},"end":{"line":103,"column":54}},"40":{"start":{"line":104,"column":4},"end":{"line":104,"column":71}},"41":{"start":{"line":104,"column":35},"end":{"line":104,"column":69}},"42":{"start":{"line":111,"column":24},"end":{"line":111,"column":59}},"43":{"start":{"line":112,"column":4},"end":{"line":112,"column":43}},"44":{"start":{"line":112,"column":34},"end":{"line":112,"column":43}},"45":{"start":{"line":114,"column":22},"end":{"line":114,"column":23}},"46":{"start":{"line":115,"column":4},"end":{"line":121,"column":7}},"47":{"start":{"line":116,"column":6},"end":{"line":120,"column":7}},"48":{"start":{"line":117,"column":23},"end":{"line":117,"column":48}},"49":{"start":{"line":118,"column":20},"end":{"line":118,"column":47}},"50":{"start":{"line":119,"column":8},"end":{"line":119,"column":50}},"51":{"start":{"line":123,"column":4},"end":{"line":123,"column":57}},"52":{"start":{"line":130,"column":24},"end":{"line":130,"column":52}},"53":{"start":{"line":131,"column":21},"end":{"line":131,"column":63}},"54":{"start":{"line":131,"column":45},"end":{"line":131,"column":62}},"55":{"start":{"line":132,"column":4},"end":{"line":136,"column":6}},"56":{"start":{"line":135,"column":52},"end":{"line":135,"column":75}},"57":{"start":{"line":144,"column":4},"end":{"line":151,"column":5}},"58":{"start":{"line":145,"column":6},"end":{"line":147,"column":9}},"59":{"start":{"line":149,"column":6},"end":{"line":149,"column":57}},"60":{"start":{"line":150,"column":6},"end":{"line":150,"column":18}},"61":{"start":{"line":155,"column":4},"end":{"line":162,"column":5}},"62":{"start":{"line":156,"column":6},"end":{"line":158,"column":9}},"63":{"start":{"line":160,"column":6},"end":{"line":160,"column":55}},"64":{"start":{"line":161,"column":6},"end":{"line":161,"column":18}},"65":{"start":{"line":169,"column":23},"end":{"line":169,"column":64}},"66":{"start":{"line":170,"column":4},"end":{"line":173,"column":6}},"67":{"start":{"line":171,"column":6},"end":{"line":172,"column":46}},"68":{"start":{"line":180,"column":23},"end":{"line":180,"column":64}},"69":{"start":{"line":181,"column":18},"end":{"line":181,"column":27}},"70":{"start":{"line":183,"column":4},"end":{"line":187,"column":7}},"71":{"start":{"line":184,"column":6},"end":{"line":186,"column":7}},"72":{"start":{"line":185,"column":8},"end":{"line":185,"column":52}},"73":{"start":{"line":185,"column":38},"end":{"line":185,"column":50}},"74":{"start":{"line":189,"column":4},"end":{"line":192,"column":6}},"75":{"start":{"line":191,"column":58},"end":{"line":191,"column":74}},"76":{"start":{"line":200,"column":4},"end":{"line":206,"column":5}},"77":{"start":{"line":201,"column":6},"end":{"line":201,"column":57}},"78":{"start":{"line":202,"column":6},"end":{"line":202,"column":89}},"79":{"start":{"line":204,"column":6},"end":{"line":204,"column":61}},"80":{"start":{"line":205,"column":6},"end":{"line":205,"column":18}},"81":{"start":{"line":210,"column":4},"end":{"line":210,"column":53}},"82":{"start":{"line":214,"column":4},"end":{"line":217,"column":7}},"83":{"start":{"line":225,"column":20},"end":{"line":225,"column":22}},"84":{"start":{"line":227,"column":4},"end":{"line":229,"column":5}},"85":{"start":{"line":228,"column":6},"end":{"line":228,"column":38}},"86":{"start":{"line":231,"column":4},"end":{"line":233,"column":5}},"87":{"start":{"line":232,"column":6},"end":{"line":232,"column":50}},"88":{"start":{"line":235,"column":4},"end":{"line":237,"column":5}},"89":{"start":{"line":236,"column":6},"end":{"line":236,"column":37}},"90":{"start":{"line":239,"column":4},"end":{"line":242,"column":6}},"91":{"start":{"line":251,"column":4},"end":{"line":251,"column":50}},"92":{"start":{"line":256,"column":4},"end":{"line":256,"column":51}},"93":{"start":{"line":264,"column":25},"end":{"line":264,"column":47}},"94":{"start":{"line":267,"column":0},"end":{"line":267,"column":43}},"95":{"start":{"line":269,"column":0},"end":{"line":269,"column":66}}},"fnMap":{"0":{"name":"(anonymous_0)","decl":{"start":{"line":11,"column":2},"end":{"line":11,"column":3}},"loc":{"start":{"line":11,"column":16},"end":{"line":15,"column":3}},"line":11},"1":{"name":"(anonymous_1)","decl":{"start":{"line":17,"column":2},"end":{"line":17,"column":3}},"loc":{"start":{"line":17,"column":17},"end":{"line":29,"column":3}},"line":17},"2":{"name":"(anonymous_2)","decl":{"start":{"line":31,"column":2},"end":{"line":31,"column":3}},"loc":{"start":{"line":31,"column":14},"end":{"line":34,"column":3}},"line":31},"3":{"name":"(anonymous_3)","decl":{"start":{"line":33,"column":27},"end":{"line":33,"column":28}},"loc":{"start":{"line":33,"column":32},"end":{"line":33,"column":43}},"line":33},"4":{"name":"(anonymous_4)","decl":{"start":{"line":40,"column":2},"end":{"line":40,"column":3}},"loc":{"start":{"line":40,"column":26},"end":{"line":50,"column":3}},"line":40},"5":{"name":"(anonymous_5)","decl":{
[...]
,"C:\\hibo-cocina\\src\\routes\\inventario.js": {"path":"C:\\hibo-cocina\\src\\routes\\inventario.js","statementMap":{"0":{"start":{"line":4,"column":16},"end":{"line":4,"column":34}},"1":{"start":{"line":5,"column":15},"end":{"line":5,"column":31}},"2":{"start":{"line":6,"column":29},"end":{"line":6,"column":75}},"3":{"start":{"line":7,"column":21},"end":{"line":7,"column":55}},"4":{"start":{"line":8,"column":30},"end":{"line":8,"column":72}},"5":{"start":{"line":10,"column":0},"end":{"line":10,"column":51}},"6":{"start":{"line":11,"column":0},"end":{"line":11,"column":54}},"7":{"start":{"line":12,"column":0},"end":{"line":12,"column":80}},"8":{"start":{"line":13,"column":0},"end":{"line":13,"column":92}},"9":{"start":{"line":14,"column":0},"end":{"line":14,"column":53}},"10":{"start":{"line":16,"column":0},"end":{"line":16,"column":24}}},"fnMap":{},"branchMap":{},"s":{"0":0,"1":0,"2":0,"3":0,"4":0,"5":0,"6":0,"7":0,"8":0,"9":0,"10":0},"f":{},"b":{}}
,"C:\\hibo-cocina\\src\\routes\\partidas.js": {"path":"C:\\hibo-cocina\\src\\routes\\partidas.js","statementMap":{"0":{"start":{"line":4,"column":16},"end":{"line":4,"column":34}},"1":{"start":{"line":5,"column":15},"end":{"line":5,"column":31}},"2":{"start":{"line":6,"column":27},"end":{"line":6,"column":71}},"3":{"start":{"line":7,"column":21},"end":{"line":7,"column":55}},"4":{"start":{"line":8,"column":28},"end":{"line":8,"column":70}},"5":{"start":{"line":10,"column":0},"end":{"line":10,"column":49}},"6":{"start":{"line":11,"column":0},"end":{"line":11,"column":52}},"7":{"start":{"line":12,"column":0},"end":{"line":12,"column":76}},"8":{"start":{"line":13,"column":0},"end":{"line":13,"column":88}},"9":{"start":{"line":14,"column":0},"end":{"line":14,"column":51}},"10":{"start":{"line":16,"column":0},"end":{"line":16,"column":24}}},"fnMap":{},"branchMap":{},"s":{"0":0,"1":0,"2":0,"3":0,"4":0,"5":0,"6":0,"7":0,"8":0,"9":0,"10":0},"f":{},"b":{}}
,"C:\\hibo-cocina\\src\\routes\\pedidos.js": {"path":"C:\\hibo-cocina\\src\\routes\\pedidos.js","statementMap":{"0":{"start":{"line":4,"column":16},"end":{"line":4,"column":34}},"1":{"start":{"line":5,"column":15},"end":{"line":5,"column":31}},"2":{"start":{"line":6,"column":26},"end":{"line":6,"column":69}},"3":{"start":{"line":7,"column":21},"end":{"line":7,"column":55}},"4":{"start":{"line":8,"column":27},"end":{"line":8,"column":69}},"5":{"start":{"line":10,"column":0},"end":{"line":10,"column":48}},"6":{"start":{"line":11,"column":0},"end":{"line":11,"column":51}},"7":{"start":{"line":12,"column":0},"end":{"line":12,"column":74}},"8":{"start":{"line":13,"column":0},"end":{"line":13,"column":86}},"9":{"start":{"line":14,"column":0},"end":{"line":14,"column":50}},"10":{"start":{"line":16,"column":0},"end":{"line":16,"column":24}}},"fnMap":{},"branchMap":{},"s":{"0":0,"1":0,"2":0,"3":0,"4":0,"5":0,"6":0,"7":0,"8":0,"9":0,"10":0},"f":{},"b":{}}
,"C:\\hibo-cocina\\src\\routes\\platos.js": {"path":"C:\\hibo-cocina\\src\\routes\\platos.js","statementMap":{"0":{"start":{"line":4,"column":16},"end":{"line":4,"column":34}},"1":{"start":{"line":5,"column":15},"end":{"line":5,"column":31}},"2":{"start":{"line":6,"column":25},"end":{"line":6,"column":67}},"3":{"start":{"line":7,"column":21},"end":{"line":7,"column":55}},"4":{"start":{"line":8,"column":26},"end":{"line":8,"column":68}},"5":{"start":{"line":10,"column":0},"end":{"line":10,"column":47}},"6":{"start":{"line":11,"column":0},"end":{"line":11,"column":50}},"7":{"start":{"line":12,"column":0},"end":{"line":12,"column":72}},"8":{"start":{"line":13,"column":0},"end":{"line":13,"column":84}},"9":{"start":{"line":14,"column":0},"end":{"line":14,"column":49}},"10":{"start":{"line":16,"column":0},"end":{"line":16,"column":24}}},"fnMap":{},"branchMap":{},"s":{"0":0,"1":0,"2":0,"3":0,"4":0,"5":0,"6":0,"7":0,"8":0,"9":0,"10":0},"f":{},"b":{}}
,"C:\\hibo-cocina\\src\\routes\\sanidad.js": {"path":"C:\\hibo-cocina\\src\\routes\\sanidad.js","statementMap":{"0":{"start":{"line":4,"column":16},"end":{"line":4,"column":34}},"1":{"start":{"line":5,"column":15},"end":{"line":5,"column":31}},"2":{"start":{"line":6,"column":26},"end":{"line":6,"column":69}},"3":{"start":{"line":7,"column":21},"end":{"line":7,"column":55}},"4":{"start":{"line":8,"column":27},"end":{"line":8,"column":69}},"5":{"start":{"line":10,"column":0},"end":{"line":10,"column":48}},"6":{"start":{"line":11,"column":0},"end":{"line":11,"column":51}},"7":{"start":{"line":12,"column":0},"end":{"line":12,"column":74}},"8":{"start":{"line":13,"column":0},"end":{"line":13,"column":86}},"9":{"start":{"line":14,"column":0},"end":{"line":14,"column":50}},"10":{"start":{"line":16,"column":0},"end":{"line":16,"column":24}}},"fnMap":{},"branchMap":{},"s":{"0":0,"1":0,"2":0,"3":0,"4":0,"5":0,"6":0,"7":0,"8":0,"9":0,"10":0},"f":{},"b":{}}
,"C:\\hibo-cocina\\src\\utils\\auth.js": {"path":"C:\\hibo-cocina\\src\\utils\\auth.js","statementMap":{"0":{"start":{"line":6,"column":12},"end":{"line":6,"column":35}},"1":{"start":{"line":7,"column":15},"end":{"line":7,"column":34}},"2":{"start":{"line":9,"column":19},"end":{"line":9,"column":92}},"3":{"start":{"line":10,"column":23},"end":{"line":10,"column":57}},"4":{"start":{"line":18,"column":2},"end":{"line":23,"column":3}},"5":{"start":{"line":19,"column":17},"end":{"line":19,"column":41}},"6":{"start":{"line":20,"column":4},"end":{"line":20,"column":45}},"7":{"start":{"line":22,"column":4},"end":{"line":22,"column":69}},"8":{"start":{"line":33,"column":2},"end":{"line":37,"column":3}},"9":{"start":{"line":34,"column":4},"end":{"line":34,"column":48}},"10":{"start":{"line":36,"column":4},"end":{"line":36,"column":71}},"11":{"start":{"line":46,"column":2},"end":{"line":53,"column":3}},"12":{"start":{"line":47,"column":4},"end":{"line":50,"column":7}},"13":{"start":{"line":52,"column":4},"end":{"line":52,"column":64}},"14":{"start":{"line":62,"column":2},"end":{"line":68,"column":3}},"15":{"start":{"line":63,"column":4},"end":{"line":65,"column":7}},"16":{"start":{"line":67,"column":4},"end":{"line":67,"column":67}},"17":{"start":{"line":77,"column":16},"end":{"line":81,"column":4}},"18":{"start":{"line":83,"column":2},"end":{"line":91,"column":4}},"19":{"start":{"line":94,"column":0},"end":{"line":102,"column":2}}},"fnMap":{"0":{"name":"hashPassword","decl":{"start":{"line":17,"column":15},"end":{"line":17,"column":27}},"loc":{"start":{"line":17,"column":38},"end":{"line":24,"column":1}},"line":17},"1":{"name":"comparePasswords","decl":{"start":{"line":32,"column":15},"end":{"line":32,"column":31}},"loc":{"start":{"line":32,"column":48},"end":{"line":38,"column":1}},"line":32},"2":{"name":"generateToken","decl":{"start":{"line":45,"column":9},"end":{"line":45,"column":22}},"loc":{"start":{"line":45,"column":32},"end":{"line":54,"column":1}},"line":45},"3":{"name":"verifyToken","decl":{"start":{"line":61,"column":9},"end":{"line":61,"column":20}},"loc":{"start":{"line":61,"column":28},"end":{"line":69,"column":1}},"line":61},"4":{"name":"generateAuthResponse","decl":{"start":{"line":76,"column":9},"end":{"line":76,"column":29}},"loc":{"start":{"line":76,"column":40},"end":{"line":92,"column":1}},"line":76}},"branchMap":{"0":{"loc":{"start":{"line":9,"column":19},"end":{"line":9,"column":92}},"type":"binary-expr","locations":[{"start":{"line":9,"column":19},"end":{"line":9,"column":41}},{"start":{"line":9,"column":45},"end":{"line":9,"column":92}}],"line":9},"1":{"loc":{"start":{"line":10,"column":23},"end":{"line":10,"column":57}},"type":"binary-expr","locations":[{"start":{"line":10,"column":23},"end":{"line":10,"column":49}},{"start":{"line":10,"column":53},"end":{"line":10,"column":57}}],"line":10},"2":{"loc":{"start":{"line":80,"column":10},"end":{"line":80,"column":33}},"type":"binary-expr","locations":[{"start":{"line":80,"column":10},"end":{"line":80,"column":23}},{"start":{"line":80,"column":27},"end":{"line":80,"column":33}}],"line":80},"3":{"loc":{"start":{"line":88,"column":12},"end":{"line":88,"column":35}},"type":"binary-expr","locations":[{"start":{"line":88,"column":12},"end":{"line":88,"column":25}},{"start":{"line":88,"column":29},"end":{"line":88,"column":35}}],"line":88}},"s":{"0":1,"1":1,"2":1,"3":1,"4":0,"5":0,"6":0,"7":0,"8":0,"9":0,"10":0,"11":7,"12":7,"13":0,"14":8,"15":8,"16":2,"17":0,"18":0,"19":1},"f":{"0":0,"1":0,"2":7,"3":8,"4":0},"b":{"0":[1,1],"1":[1,1],"2":[0,0],"3":[0,0]},"_coverageSchema":"1a1c01bbd47fc00a2c39e90264f33305004495a9","hash":"3f0e05af8e51b53d563a8cea30a3798e253b65df"}
,"C:\\hibo-cocina\\src\\utils\\database.js": {"path":"C:\\hibo-cocina\\src\\utils\\database.js","statementMap":{"0":{"start":{"line":5,"column":16},"end":{"line":5,"column":44}},"1":{"start":{"line":6,"column":13},"end":{"line":6,"column":28}},"2":{"start":{"line":8,"column":9},"end":{"line":8,"column":13}},"3":{"start":{"line":15,"column":2},"end":{"line":27,"column":5}},"4":{"start":{"line":16,"column":19},"end":{"line":16,"column":68}},"5":{"start":{"line":18,"column":4},"end":{"line":26,"column":7}},"6":{"start":{"line":19,"column":6},"end":{"line":25,"column":7}},"7":{"start":{"line":20,"column":8},"end":{"line":20,"column":77}},"8":{"start":{"line":21,"column":8},"end":{"line":21,"column":20}},"9":{"start":{"line":23,"column":8},"end":{"line":23,"column":61}},"10":{"start":{"line":24,"column":8},"end":{"line":24,"column":20}},"11":{"start":{"line":35,"column":2},"end":{"line":37,"column":3}},"12":{"start":{"line":36,"column":4},"end":{"line":36,"column":92}},"13":{"start":{"line":38,"column":2},"end":{"line":38,"column":12}},"14":{"start":{"line":46,"column":2},"end":{"line":55,"column":5}},"15":{"start":{"line":47,"column":4},"end":{"line":54,"column":5}},"16":{"start":{"line":48,"column":6},"end":{"line":51,"column":9}},"17":{"start":{"line":49,"column":8},"end":{"line":50,"column":23}},"18":{"start":{"line":49,"column":17},"end":{"line":49,"column":29}},"19":{"start":{"line":50,"column":13},"end":{"line":50,"column":23}},"20":{"start":{"line":53,"column":6},"end":{"line":53,"column":16}},"21":{"start":{"line":58,"column":0},"end":{"line":62,"column":2}}},"fnMap":{"0":{"name":"initializeDatabase","decl":{"start":{"line":14,"column":9},"end":{"line":14,"column":27}},"loc":{"start":{"line":14,"column":30},"end":{"line":28,"column":1}},"line":14},"1":{"name":"(anonymous_1)","decl":{"start":{"line":15,"column":21},"end":{"line":15,"column":22}},"loc":{"start":{"line":15,"column":42},"end":{"line":27,"column":3}},"line":15},"2":{"name":"(anonymous_2)","decl":{"start":{"line":18,"column":38},"end":{"line":18,"column":39}},"loc":{"start":{"line":18,"column":47},"end":{"line":26,"column":5}},"line":18},"3":{"name":"getDatabase","decl":{"start":{"line":34,"column":9},"end":{"line":34,"column":20}},"loc":{"start":{"line":34,"column":23},"end":{"line":39,"column":1}},"line":34},"4":{"name":"closeDatabase","decl":{"start":{"line":45,"column":9},"end":{"line":45,"column":22}},"loc":{"start":{"line":45,"column":25},"end":{"line":56,"column":1}},"line":45},"5":{"name":"(anonymous_5)","decl":{"start":{"line":46,"column":21},"end":{"line":46,"column":22}},"loc":{"start":{"line":46,"column":42},"end":{"line":55,"column":3}},"line":46},"6":{"name":"(anonymous_6)","decl":{"start":{"line":48,"column":15},"end":{"line":48,"column":16}},"loc":{"start":{"line":48,"column":24},"end":{"line":51,"column":7}},"line":48}},"branchMap":{"0":{"loc":{"start":{"line":19,"column":6},"end":{"line":25,"column":7}},"type":"if","locations":[{"start":{"line":19,"column":6},"end":{"line":25,"column":7}},{"start":{"line":22,"column":13},"end":{"line":25,"column":7}}],"line":19},"1":{"loc":{"start":{"line":35,"column":2},"end":{"line":37,"column":3}},"type":"if","locations":[{"start":{"line":35,"column":2},"end":{"line":37,"column":3}},{"start":{},"end":{}}],"line":35},"2":{"loc":{"start":{"line":47,"column":4},"end":{"line":54,"column":5}},"type":"if","locations":[{"start":{"line":47,"column":4},"end":{"line":54,"column":5}},{"start":{"line":52,"column":11},"end":{"line":54,"column":5}}],"line":47},"3":{"loc":{"start":{"line":49,"column":8},"end":{"line":50,"column":23}},"type":"if","locations":[{"start":{"line":49,"column":8},"end":{"line":50,"column":23}},{"start":{"line":50,"column":13},"end":{"line":50,"column":23}}],"line":49}},"s":{"0":0,"1":0,"2":0,"3":0,"4":0,"5":0,"6":0,"7":0,"8":0,"9":0,"10":0,"11":0,"12":0,"13":0,"14":0,"15":0,"16":0,"17":0,"18":0,"19":0,"20":0,"21":0},"f":{"0":0,"1":0,"2":0,"3":0,"4":0,"5":0,"6":0},"b":{"0":[0,0],"1":[0,0],"2":[0,0],"3":[0,0]}}
,"C:\\hibo-cocina\\src\\utils\\logger.js": {"path":"C:\\hibo-cocina\\src\\utils\\logger.js","statementMap":{"0":{"start":{"line":6,"column":16},"end":{"line":6,"column":34}},"1":{"start":{"line":7,"column":13},"end":{"line":7,"column":28}},"2":{"start":{"line":9,"column":18},"end":{"line":9,"column":49}},"3":{"start":{"line":10,"column":16},"end":{"line":10,"column":50}},"4":{"start":{"line":13,"column":11},"end":{"line":13,"column":24}},"5":{"start":{"line":14,"column":0},"end":{"line":16,"column":1}},"6":{"start":{"line":15,"column":2},"end":{"line":15,"column":45}},"7":{"start":{"line":21,"column":16},"end":{"line":43,"column":1}},"8":{"start":{"line":25,"column":6},"end":{"line":25,"column":65}},"9":{"start":{"line":36,"column":16},"end":{"line":36,"column":67}},"10":{"start":{"line":37,"column":6},"end":{"line":39,"column":7}},"11":{"start":{"line":38,"column":8},"end":{"line":38,"column":42}},"12":{"start":{"line":40,"column":6},"end":{"line":40,"column":17}},"13":{"start":{"line":48,"column":19},"end":{"line":84,"column":1}},"14":{"start":{"line":87,"column":0},"end":{"line":89,"column":1}},"15":{"start":{"line":88,"column":2},"end":{"line":88,"column":21}},"16":{"start":{"line":94,"column":15},"end":{"line":110,"column":2}},"17":{"start":{"line":115,"column":12},"end":{"line":192,"column":1}},"18":{"start":{"line":120,"column":4},"end":{"line":120,"column":31}},"19":{"start":{"line":127,"column":22},"end":{"line":134,"column":5}},"20":{"start":{"line":135,"column":4},"end":{"line":135,"column":37}},"21":{"start":{"line":142,"column":4},"end":{"line":142,"column":31}},"22":{"start":{"line":149,"column":4},"end":{"line":149,"column":32}},"23":{"start":{"line":156,"column":4},"end":{"line":163,"column":7}},"24":{"start":{"line":170,"column":4},"end":{"line":176,"column":7}},"25":{"start":{"line":183,"column":18},"end":{"line":183,"column":43}},"26":{"start":{"line":184,"column":4},"end":{"line":190,"column":7}},"27":{"start":{"line":198,"column":2},"end":{"line":198,"column":13}},"28":{"start":{"line":201,"column":0},"end":{"line":201,"column":21}},"29":{"start":{"line":202,"column":0},"end":{"line":202,"column":37}}},"fnMap":{"0":{"name":"(anonymous_0)","decl":{"start":{"line":24,"column":26},"end":{"line":24,"column":27}},"loc":{"start":{"line":24,"column":61},"end":{"line":26,"column":5}},"line":24},"1":{"name":"(anonymous_1)","decl":{"start":{"line":35,"column":26},"end":{"line":35,"column":27}},"loc":{"start":{"line":35,"column":70},"end":{"line":41,"column":5}},"line":35},"2":{"name":"(anonymous_2)","decl":{"start":{"line":119,"column":8},"end":{"line":119,"column":9}},"loc":{"start":{"line":119,"column":32},"end":{"line":121,"column":3}},"line":119},"3":{"name":"(anonymous_3)","decl":{"start":{"line":126,"column":9},"end":{"line":126,"column":10}},"loc":{"start":{"line":126,"column":47},"end":{"line":136,"column":3}},"line":126},"4":{"name":"(anonymous_4)","decl":{"start":{"line":141,"column":8},"end":{"line":141,"column":9}},"loc":{"start":{"line":141,"column":32},"end":{"line":143,"column":3}},"line":141},"5":{"name":"(anonymous_5)","decl":{"start":{"line":148,"column":9},"end":{"line":148,"column":10}},"loc":{"start":{"line":148,"column":33},"end":{"line":150,"column":3}},"line":148},"6":{"name":"(anonymous_6)","decl":{"start":{"line":155,"column":11},"end":{"line":155,"column":12}},"loc":{"start":{"line":155,"column":62},"end":{"line":164,"column":3}},"line":155},"7":{"name":"(anonymous_7)","decl":{"start":{"line":169,"column":12},"end":{"line":169,"column":13}},"loc":{"start":{"line":169,"column":55},"end":{"line":177,"column":3}},"line":169},"8":{"name":"(anonymous_8)","decl":{"start":{"line":182,"column":8},"end":{"line":182,"column":9}},"loc":{"start":{"line":182,"column":50},"end":{"line":191,"column":3}},"line":182},"9":{"name":"getLogger","decl":{"start":{"line":197,"column":9},"end":{"line":197,"column":18}},"loc":{"start":{"line":197,"column":21},"end":{"line":199,"column":1}},"line":197}},"branchMap":{"0":{"loc":{"start":{"line":9,"column":18},"end":{"line":9,"column":49}},"type":"binary-expr","locations":[{"start":{"line":9,"column":18},"end":{"line":9,"column":39}},{"start":{"line":9,"column":43},"end":{"line":9,"column":49}}],"line":9},"1":{"loc":{"start":{"line":14,"column":0},"end":{"line":16,"column":1}},"type":"if","locations":[{"start":{"line":14,"column":0},"end":{"line":16,"column":1}},{"start":{},"end":{}}],"line":14},"2":{"loc":{"start":{"line":37,"column":6},"end":{"line":39,"column":7}},"type":"if","locations":[{"start":{"line":37,"column":6},"end":{"line":39,"column":7}},{"start":{},"end":{}}],"line":37},"3":{"loc":{"start":{"line":87,"column":0},"end":{"line":89,"column":1}},"type":"if","locations":[{"start":{"line":87,"column":0},"end":{"line":89,"column":1}},{"start":{},"end":{}}],"line":87},"4":{"loc":{"start":{"line":119,"column":18},"end":{"line":119,"column":27}},"type":"default-arg","locations":[{"start":{"line":119,"column":25},"end":{"line":119,"column":27}}],"line":119},"5":{"loc":{"start":{"line":126,"column":19},"end":{"line":126,"column":31}},"type":"default-arg","locations":[{"start":{"line":126,"column":27},"end":{"line":126,"column":31}}],"line":126},"6":{"loc":{"start":{"line":126,"column":33},"end":{"line":126,"column":42}},"type":"default-arg","locations":[{"start":{"line":126,"column":40},"end":{"line":126,"column":42}}],"line":126},"7":{"loc":{"start":{"line":129,"column":10},"end":{"line":133,"column":7}},"type":"binary-expr","locations":[{"start":{"line":129,"column":10},"end":{"line":129,"column":15}},{"start":{"line":129,"column":19},"end":{"line":133,"column":7}}],"line":129},"8":{"loc":{"start":{"line":141,"column":18},"end":{"line":141,"column":27}},"type":"default-arg","locations":[{"start":{"line":141,"column":25},"end":{"line":141,"column":27}}],"line":141},"9":{"loc":{"start":{"line":148,"column":19},"end":{"line":148,"column":28}},"type":"default-arg","locations":[{"start":{"line":148,"column":26},"end":{"line":148,"column":28}}],"line":148},"10":{"loc":{"start":{"line":155,"column":48},"end":{"line":155,"column":57}},"type":"default-arg","locations":[{"start":{"line":155,"column":55},"end":{"line":155,"column":57}}],"line":155},"11":{"loc":{"start":{"line":169,"column":41},"end":{"line":169,"column":50}},"type":"default-arg","locations":[{"start":{"line":169,"column":48},"end":{"line":169,"column":50}}],"line":169},"12":{"loc":{"start":{"line":182,"column":36},"end":{"line":182,"column":45}},"type":"default-arg","locations":[{"start":{"line":182,"column":43},"end":{"line":182,"column":45}}],"line":182},"13":{"loc":{"start":{"line":183,"column":18},"end":{"line":183,"column":43}},"type":"cond-expr","locations":[{"start":{"line":183,"column":28},"end":{"line":183,"column":34}},{"start":{"line":183,"column":37},"end":{"line":183,"column":43}}],"line":183}},"s":{"0":3,"1":3,"2":3,"3":3,"4":3,"5":3,"6":0,"7":3,"8":36,"9":41,"10":41,"11":41,"12":41,"13":3,"14":3,"15":0,"16":3,"17":3,"18":0,"19":5,"20":5,"21":31,"22":11,"23":0,"24":0,"25":0,"26":0,"27":3,"28":3,"29":3},"f":{"0":36,"1":41,"2":0,"3":5,"4":31,"5":11,"6":0,"7":0,"8":0,"9":3},"b":{"0":[3,3],"1":[0,3],"2":[41,0],"3":[0,3],"4":[0],"5":[0],"6":[5],"7":[5,5],"8":[0],"9":[0],"10":[0],"11":[0],"12":[0],"13":[0,0]},"_coverageSchema":"1a1c01bbd47fc00a2c39e90264f33305004495a9","hash":"9ad9477f7dd78d4159571e8ec1aaddc4b94a18f9"}
}
