TN:
SF:public\js\modules\escandallos.js
FN:16,(anonymous_0)
FN:26,(anonymous_1)
FN:39,(anonymous_2)
FN:41,(anonymous_3)
FN:44,(anonymous_4)
FN:56,(anonymous_5)
FN:68,(anonymous_6)
FN:87,(anonymous_7)
FN:92,(anonymous_8)
FN:105,(anonymous_9)
FN:113,(anonymous_10)
FN:122,(anonymous_11)
FN:126,(anonymous_12)
FN:145,(anonymous_13)
FN:147,(anonymous_14)
FN:154,(anonymous_15)
FN:165,(anonymous_16)
FN:184,(anonymous_17)
FN:186,(anonymous_18)
FN:189,(anonymous_19)
FN:191,(anonymous_20)
FNF:21
FNH:0
FNDA:0,(anonymous_0)
FNDA:0,(anonymous_1)
FNDA:0,(anonymous_2)
FNDA:0,(anonymous_3)
FNDA:0,(anonymous_4)
FNDA:0,(anonymous_5)
FNDA:0,(anonymous_6)
FNDA:0,(anonymous_7)
FNDA:0,(anonymous_8)
FNDA:0,(anonymous_9)
FNDA:0,(anonymous_10)
FNDA:0,(anonymous_11)
FNDA:0,(anonymous_12)
FNDA:0,(anonymous_13)
FNDA:0,(anonymous_14)
FNDA:0,(anonymous_15)
FNDA:0,(anonymous_16)
FNDA:0,(anonymous_17)
FNDA:0,(anonymous_18)
FNDA:0,(anonymous_19)
FNDA:0,(anonymous_20)
DA:17,0
DA:18,0
DA:19,0
DA:27,0
DA:28,0
DA:29,0
DA:30,0
DA:31,0
DA:32,0
DA:34,0
DA:35,0
DA:40,0
DA:41,0
DA:45,0
DA:46,0
DA:47,0
DA:48,0
DA:49,0
DA:51,0
DA:52,0
DA:57,0
DA:58,0
DA:59,0
DA:60,0
DA:61,0
DA:63,0
DA:64,0
DA:69,0
DA:70,0
DA:71,0
DA:72,0
DA:73,0
DA:75,0
DA:76,0
DA:88,0
DA:89,0
DA:91,0
DA:92,0
DA:93,0
DA:94,0
DA:95,0
DA:99,0
DA:106,0
DA:107,0
DA:116,0
DA:123,0
DA:124,0
DA:126,0
DA:127,0
DA:128,0
DA:129,0
DA:131,0
DA:146,0
DA:147,0
DA:155,0
DA:157,0
DA:158,0
DA:161,0
DA:162,0
DA:165,0
DA:166,0
DA:167,0
DA:169,0
DA:170,0
DA:174,0
DA:185,0
DA:186,0
DA:190,0
DA:191,0
DA:199,0
DA:202,0
DA:204,0
LF:72
LH:0
BRDA:40,0,0,0
BRDA:40,0,1,0
BRDA:89,1,0,0
BRDA:89,1,1,0
BRDA:92,2,0,0
BRDA:92,2,1,0
BRDA:94,3,0,0
BRDA:94,3,1,0
BRDA:106,4,0,0
BRDA:106,4,1,0
BRDA:113,5,0,0
BRDA:123,6,0,0
BRDA:123,6,1,0
BRDA:124,7,0,0
BRDA:124,7,1,0
BRDA:145,8,0,0
BRDA:157,9,0,0
BRDA:157,9,1,0
BRDA:161,10,0,0
BRDA:161,10,1,0
BRDA:161,11,0,0
BRDA:161,11,1,0
BRDA:166,12,0,0
BRDA:166,12,1,0
BRDA:169,13,0,0
BRDA:169,13,1,0
BRDA:185,14,0,0
BRDA:185,14,1,0
BRDA:190,15,0,0
BRDA:190,15,1,0
BRF:30
BRH:0
end_of_record
TN:
SF:public\js\modules\ingredientes.js
FN:16,(anonymous_0)
FN:29,(anonymous_1)
FN:45,(anonymous_2)
FN:47,(anonymous_3)
FN:53,(anonymous_4)
FN:68,(anonymous_5)
FN:83,(anonymous_6)
FN:102,(anonymous_7)
FN:107,(anonymous_8)
FN:113,(anonymous_9)
FN:117,(anonymous_10)
FN:121,(anonymous_11)
FN:132,(anonymous_12)
FN:134,(anonymous_13)
FN:143,(anonymous_14)
FN:145,(anonymous_15)
FN:151,(anonymous_16)
FN:153,(anonymous_17)
FN:159,(anonymous_18)
FN:161,(anonymous_19)
FN:173,(anonymous_20)
FN:205,(anonymous_21)
FNF:22
FNH:0
FNDA:0,(anonymous_0)
FNDA:0,(anonymous_1)
FNDA:0,(anonymous_2)
FNDA:0,(anonymous_3)
FNDA:0,(anonymous_4)
FNDA:0,(anonymous_5)
FNDA:0,(anonymous_6)
FNDA:0,(anonymous_7)
FNDA:0,(anonymous_8)
FNDA:0,(anonymous_9)
FNDA:0,(anonymous_10)
FNDA:0,(anonymous_11)
FNDA:0,(anonymous_12)
FNDA:0,(anonymous_13)
FNDA:0,(anonymous_14)
FNDA:0,(anonymous_15)
FNDA:0,(anonymous_16)
FNDA:0,(anonymous_17)
FNDA:0,(anonymous_18)
FNDA:0,(anonymous_19)
FNDA:0,(anonymous_20)
FNDA:0,(anonymous_21)
DA:17,0
DA:18,0
DA:19,0
DA:30,0
DA:31,0
DA:32,0
DA:33,0
DA:34,0
DA:35,0
DA:37,0
DA:38,0
DA:46,0
DA:47,0
DA:54,0
DA:55,0
DA:56,0
DA:57,0
DA:58,0
DA:60,0
DA:61,0
DA:69,0
DA:70,0
DA:71,0
DA:72,0
DA:73,0
DA:75,0
DA:76,0
DA:84,0
DA:85,0
DA:86,0
DA:87,0
DA:88,0
DA:90,0
DA:91,0
DA:103,0
DA:104,0
DA:106,0
DA:107,0
DA:108,0
DA:112,0
DA:113,0
DA:116,0
DA:117,0
DA:120,0
DA:121,0
DA:122,0
DA:126,0
DA:133,0
DA:134,0
DA:135,0
DA:144,0
DA:145,0
DA:152,0
DA:153,0
DA:160,0
DA:161,0
DA:162,0
DA:163,0
DA:164,0
DA:167,0
DA:174,0
DA:176,0
DA:177,0
DA:180,0
DA:181,0
DA:184,0
DA:185,0
DA:188,0
DA:189,0
DA:192,0
DA:193,0
DA:196,0
DA:206,0
DA:207,0
DA:208,0
DA:210,0
DA:223,0
DA:226,0
DA:228,0
LF:79
LH:0
BRDA:46,0,0,0
BRDA:46,0,1,0
BRDA:103,1,0,0
BRDA:103,1,1,0
BRDA:106,2,0,0
BRDA:106,2,1,0
BRDA:112,3,0,0
BRDA:112,3,1,0
BRDA:116,4,0,0
BRDA:116,4,1,0
BRDA:120,5,0,0
BRDA:120,5,1,0
BRDA:120,6,0,0
BRDA:120,6,1,0
BRDA:122,7,0,0
BRDA:122,7,1,0
BRDA:133,8,0,0
BRDA:133,8,1,0
BRDA:135,9,0,0
BRDA:135,9,1,0
BRDA:135,9,2,0
BRDA:144,10,0,0
BRDA:144,10,1,0
BRDA:152,11,0,0
BRDA:152,11,1,0
BRDA:163,12,0,0
BRDA:163,12,1,0
BRDA:176,13,0,0
BRDA:176,13,1,0
BRDA:176,14,0,0
BRDA:176,14,1,0
BRDA:180,15,0,0
BRDA:180,15,1,0
BRDA:184,16,0,0
BRDA:184,16,1,0
BRDA:188,17,0,0
BRDA:188,17,1,0
BRDA:188,18,0,0
BRDA:188,18,1,0
BRDA:192,19,0,0
BRDA:192,19,1,0
BRDA:192,20,0,0
BRDA:192,20,1,0
BRDA:205,21,0,0
BRDA:205,22,0,0
BRDA:206,23,0,0
BRDA:206,23,1,0
BRF:47
BRH:0
end_of_record
TN:
SF:public\js\modules\inventario.js
FN:11,(anonymous_0)
FN:17,(anonymous_1)
FN:30,(anonymous_2)
FN:32,(anonymous_3)
FN:35,(anonymous_4)
FN:47,(anonymous_5)
FN:60,(anonymous_6)
FN:68,(anonymous_7)
FN:70,(anonymous_8)
FN:79,(anonymous_9)
FN:81,(anonymous_10)
FN:87,(anonymous_11)
FN:91,(anonymous_12)
FN:104,(anonymous_13)
FN:121,(anonymous_14)
FN:133,(anonymous_15)
FN:158,(anonymous_16)
FN:160,(anonymous_17)
FNF:18
FNH:0
FNDA:0,(anonymous_0)
FNDA:0,(anonymous_1)
FNDA:0,(anonymous_2)
FNDA:0,(anonymous_3)
FNDA:0,(anonymous_4)
FNDA:0,(anonymous_5)
FNDA:0,(anonymous_6)
FNDA:0,(anonymous_7)
FNDA:0,(anonymous_8)
FNDA:0,(anonymous_9)
FNDA:0,(anonymous_10)
FNDA:0,(anonymous_11)
FNDA:0,(anonymous_12)
FNDA:0,(anonymous_13)
FNDA:0,(anonymous_14)
FNDA:0,(anonymous_15)
FNDA:0,(anonymous_16)
FNDA:0,(anonymous_17)
DA:12,0
DA:13,0
DA:14,0
DA:18,0
DA:19,0
DA:20,0
DA:21,0
DA:22,0
DA:23,0
DA:25,0
DA:26,0
DA:31,0
DA:32,0
DA:36,0
DA:37,0
DA:38,0
DA:39,0
DA:40,0
DA:42,0
DA:43,0
DA:48,0
DA:61,0
DA:62,0
DA:69,0
DA:70,0
DA:71,0
DA:72,0
DA:80,0
DA:81,0
DA:88,0
DA:89,0
DA:91,0
DA:92,0
DA:93,0
DA:94,0
DA:98,0
DA:105,0
DA:106,0
DA:107,0
DA:109,0
DA:113,0
DA:114,0
DA:123,0
DA:134,0
DA:136,0
DA:137,0
DA:140,0
DA:141,0
DA:144,0
DA:145,0
DA:148,0
DA:159,0
DA:160,0
DA:168,0
DA:171,0
DA:173,0
LF:56
LH:0
BRDA:31,0,0,0
BRDA:31,0,1,0
BRDA:47,1,0,0
BRDA:53,2,0,0
BRDA:53,2,1,0
BRDA:62,3,0,0
BRDA:62,3,1,0
BRDA:68,4,0,0
BRDA:69,5,0,0
BRDA:69,5,1,0
BRDA:71,6,0,0
BRDA:71,6,1,0
BRDA:71,6,2,0
BRDA:80,7,0,0
BRDA:80,7,1,0
BRDA:88,8,0,0
BRDA:88,8,1,0
BRDA:93,9,0,0
BRDA:93,9,1,0
BRDA:104,10,0,0
BRDA:136,11,0,0
BRDA:136,11,1,0
BRDA:140,12,0,0
BRDA:140,12,1,0
BRDA:144,13,0,0
BRDA:144,13,1,0
BRDA:159,14,0,0
BRDA:159,14,1,0
BRF:28
BRH:0
end_of_record
TN:
SF:public\js\modules\navigation.js
FN:11,(anonymous_0)
FN:19,(anonymous_1)
FN:26,(anonymous_2)
FN:27,(anonymous_3)
FN:28,(anonymous_4)
FN:38,(anonymous_5)
FN:44,(anonymous_6)
FN:57,(anonymous_7)
FN:71,(anonymous_8)
FN:108,(anonymous_9)
FN:121,(anonymous_10)
FN:132,(anonymous_11)
FNF:12
FNH:0
FNDA:0,(anonymous_0)
FNDA:0,(anonymous_1)
FNDA:0,(anonymous_2)
FNDA:0,(anonymous_3)
FNDA:0,(anonymous_4)
FNDA:0,(anonymous_5)
FNDA:0,(anonymous_6)
FNDA:0,(anonymous_7)
FNDA:0,(anonymous_8)
FNDA:0,(anonymous_9)
FNDA:0,(anonymous_10)
FNDA:0,(anonymous_11)
DA:12,0
DA:13,0
DA:20,0
DA:27,0
DA:28,0
DA:29,0
DA:30,0
DA:39,0
DA:40,0
DA:41,0
DA:44,0
DA:45,0
DA:46,0
DA:50,0
DA:51,0
DA:52,0
DA:53,0
DA:57,0
DA:58,0
DA:59,0
DA:60,0
DA:65,0
DA:72,0
DA:73,0
DA:75,0
DA:76,0
DA:78,0
DA:79,0
DA:80,0
DA:83,0
DA:86,0
DA:88,0
DA:89,0
DA:91,0
DA:93,0
DA:94,0
DA:96,0
DA:100,0
DA:101,0
DA:109,0
DA:110,0
DA:112,0
DA:114,0
DA:122,0
DA:123,0
DA:125,0
DA:127,0
DA:128,0
DA:129,0
DA:132,0
DA:148,0
DA:151,0
DA:153,0
LF:53
LH:0
BRDA:51,0,0,0
BRDA:51,0,1,0
BRDA:59,1,0,0
BRDA:59,1,1,0
BRDA:73,2,0,0
BRDA:73,2,1,0
BRDA:73,2,2,0
BRDA:73,2,3,0
BRDA:73,2,4,0
BRDA:73,2,5,0
BRDA:88,3,0,0
BRDA:88,3,1,0
BRDA:93,4,0,0
BRDA:93,4,1,0
BRDA:125,5,0,0
BRDA:125,5,1,0
BRDA:127,6,0,0
BRDA:127,6,1,0
BRDA:127,7,0,0
BRDA:127,7,1,0
BRDA:136,8,0,0
BRDA:136,8,1,0
BRDA:137,9,0,0
BRDA:137,9,1,0
BRF:24
BRH:0
end_of_record
TN:
SF:public\js\modules\pedidos.js
FN:11,(anonymous_0)
FN:17,(anonymous_1)
FN:30,(anonymous_2)
FN:32,(anonymous_3)
FN:35,(anonymous_4)
FN:47,(anonymous_5)
FN:59,(anonymous_6)
FN:78,(anonymous_7)
FN:89,(anonymous_8)
FN:91,(anonymous_9)
FN:97,(anonymous_10)
FN:104,(anonymous_11)
FN:111,(anonymous_12)
FN:113,(anonymous_13)
FN:122,(anonymous_14)
FN:127,(anonymous_15)
FN:137,(anonymous_16)
FN:139,(anonymous_17)
FN:142,(anonymous_18)
FN:157,(anonymous_19)
FN:159,(anonymous_20)
FN:165,(anonymous_21)
FN:176,(anonymous_22)
FNF:23
FNH:0
FNDA:0,(anonymous_0)
FNDA:0,(anonymous_1)
FNDA:0,(anonymous_2)
FNDA:0,(anonymous_3)
FNDA:0,(anonymous_4)
FNDA:0,(anonymous_5)
FNDA:0,(anonymous_6)
FNDA:0,(anonymous_7)
FNDA:0,(anonymous_8)
FNDA:0,(anonymous_9)
FNDA:0,(anonymous_10)
FNDA:0,(anonymous_11)
FNDA:0,(anonymous_12)
FNDA:0,(anonymous_13)
FNDA:0,(anonymous_14)
FNDA:0,(anonymous_15)
FNDA:0,(anonymous_16)
FNDA:0,(anonymous_17)
FNDA:0,(anonymous_18)
FNDA:0,(anonymous_19)
FNDA:0,(anonymous_20)
FNDA:0,(anonymous_21)
FNDA:0,(anonymous_22)
DA:12,0
DA:13,0
DA:14,0
DA:18,0
DA:19,0
DA:20,0
DA:21,0
DA:22,0
DA:23,0
DA:25,0
DA:26,0
DA:31,0
DA:32,0
DA:36,0
DA:37,0
DA:38,0
DA:39,0
DA:40,0
DA:42,0
DA:43,0
DA:48,0
DA:49,0
DA:50,0
DA:51,0
DA:52,0
DA:54,0
DA:55,0
DA:60,0
DA:61,0
DA:62,0
DA:63,0
DA:64,0
DA:66,0
DA:67,0
DA:79,0
DA:80,0
DA:81,0
DA:83,0
DA:90,0
DA:91,0
DA:98,0
DA:105,0
DA:112,0
DA:113,0
DA:114,0
DA:115,0
DA:123,0
DA:124,0
DA:126,0
DA:127,0
DA:128,0
DA:131,0
DA:138,0
DA:139,0
DA:141,0
DA:142,0
DA:143,0
DA:146,0
DA:158,0
DA:159,0
DA:166,0
DA:168,0
DA:169,0
DA:172,0
DA:173,0
DA:176,0
DA:177,0
DA:178,0
DA:180,0
DA:181,0
DA:185,0
DA:196,0
DA:199,0
DA:201,0
LF:74
LH:0
BRDA:31,0,0,0
BRDA:31,0,1,0
BRDA:80,1,0,0
BRDA:80,1,1,0
BRDA:90,2,0,0
BRDA:90,2,1,0
BRDA:112,3,0,0
BRDA:112,3,1,0
BRDA:115,4,0,0
BRDA:115,4,1,0
BRDA:124,5,0,0
BRDA:124,5,1,0
BRDA:127,6,0,0
BRDA:127,6,1,0
BRDA:150,7,0,0
BRDA:150,7,1,0
BRDA:158,8,0,0
BRDA:158,8,1,0
BRDA:168,9,0,0
BRDA:168,9,1,0
BRDA:172,10,0,0
BRDA:172,10,1,0
BRDA:172,11,0,0
BRDA:172,11,1,0
BRDA:177,12,0,0
BRDA:177,12,1,0
BRDA:180,13,0,0
BRDA:180,13,1,0
BRF:28
BRH:0
end_of_record
TN:
SF:public\js\modules\platos.js
FN:12,(anonymous_0)
FN:20,(anonymous_1)
FN:35,(anonymous_2)
FN:49,(anonymous_3)
FN:65,(anonymous_4)
FN:81,(anonymous_5)
FN:96,(anonymous_6)
FN:101,(anonymous_7)
FN:108,(anonymous_8)
FN:117,(anonymous_9)
FNF:10
FNH:0
FNDA:0,(anonymous_0)
FNDA:0,(anonymous_1)
FNDA:0,(anonymous_2)
FNDA:0,(anonymous_3)
FNDA:0,(anonymous_4)
FNDA:0,(anonymous_5)
FNDA:0,(anonymous_6)
FNDA:0,(anonymous_7)
FNDA:0,(anonymous_8)
FNDA:0,(anonymous_9)
DA:13,0
DA:14,0
DA:21,0
DA:22,0
DA:23,0
DA:24,0
DA:26,0
DA:27,0
DA:28,0
DA:36,0
DA:37,0
DA:38,0
DA:40,0
DA:41,0
DA:42,0
DA:50,0
DA:51,0
DA:52,0
DA:53,0
DA:54,0
DA:56,0
DA:57,0
DA:58,0
DA:66,0
DA:67,0
DA:68,0
DA:69,0
DA:70,0
DA:72,0
DA:73,0
DA:74,0
DA:82,0
DA:83,0
DA:84,0
DA:85,0
DA:87,0
DA:88,0
DA:89,0
DA:97,0
DA:99,0
DA:100,0
DA:101,0
DA:102,0
DA:107,0
DA:108,0
DA:111,0
DA:118,0
DA:119,0
DA:120,0
DA:122,0
DA:123,0
DA:129,0
DA:132,0
DA:134,0
LF:54
LH:0
BRDA:38,0,0,0
BRDA:38,0,1,0
BRDA:96,1,0,0
BRDA:99,2,0,0
BRDA:99,2,1,0
BRDA:102,3,0,0
BRDA:102,3,1,0
BRDA:107,4,0,0
BRDA:107,4,1,0
BRDA:120,5,0,0
BRDA:120,5,1,0
BRF:11
BRH:0
end_of_record
TN:
SF:public\js\modules\produccion.js
FN:11,(anonymous_0)
FN:17,(anonymous_1)
FN:31,(anonymous_2)
FN:33,(anonymous_3)
FN:40,(anonymous_4)
FN:52,(anonymous_5)
FN:64,(anonymous_6)
FN:79,(anonymous_7)
FN:81,(anonymous_8)
FN:87,(anonymous_9)
FN:94,(anonymous_10)
FN:101,(anonymous_11)
FN:104,(anonymous_12)
FN:110,(anonymous_13)
FN:115,(anonymous_14)
FN:129,(anonymous_15)
FN:131,(anonymous_16)
FN:135,(anonymous_17)
FN:143,(anonymous_18)
FN:154,(anonymous_19)
FN:168,(anonymous_20)
FN:170,(anonymous_21)
FN:179,(anonymous_22)
FN:183,(anonymous_23)
FN:185,(anonymous_24)
FN:191,(anonymous_25)
FN:199,(anonymous_26)
FN:209,(anonymous_27)
FN:213,(anonymous_28)
FN:224,(anonymous_29)
FN:249,(anonymous_30)
FN:254,(anonymous_31)
FNF:32
FNH:0
FNDA:0,(anonymous_0)
FNDA:0,(anonymous_1)
FNDA:0,(anonymous_2)
FNDA:0,(anonymous_3)
FNDA:0,(anonymous_4)
FNDA:0,(anonymous_5)
FNDA:0,(anonymous_6)
FNDA:0,(anonymous_7)
FNDA:0,(anonymous_8)
FNDA:0,(anonymous_9)
FNDA:0,(anonymous_10)
FNDA:0,(anonymous_11)
FNDA:0,(anonymous_12)
FNDA:0,(anonymous_13)
FNDA:0,(anonymous_14)
FNDA:0,(anonymous_15)
FNDA:0,(anonymous_16)
FNDA:0,(anonymous_17)
FNDA:0,(anonymous_18)
FNDA:0,(anonymous_19)
FNDA:0,(anonymous_20)
FNDA:0,(anonymous_21)
FNDA:0,(anonymous_22)
FNDA:0,(anonymous_23)
FNDA:0,(anonymous_24)
FNDA:0,(anonymous_25)
FNDA:0,(anonymous_26)
FNDA:0,(anonymous_27)
FNDA:0,(anonymous_28)
FNDA:0,(anonymous_29)
FNDA:0,(anonymous_30)
FNDA:0,(anonymous_31)
DA:12,0
DA:13,0
DA:14,0
DA:18,0
DA:19,0
DA:20,0
DA:21,0
DA:22,0
DA:23,0
DA:24,0
DA:26,0
DA:27,0
DA:32,0
DA:33,0
DA:41,0
DA:42,0
DA:43,0
DA:44,0
DA:45,0
DA:47,0
DA:48,0
DA:53,0
DA:54,0
DA:55,0
DA:56,0
DA:57,0
DA:59,0
DA:60,0
DA:65,0
DA:66,0
DA:67,0
DA:69,0
DA:80,0
DA:81,0
DA:88,0
DA:95,0
DA:102,0
DA:103,0
DA:104,0
DA:111,0
DA:112,0
DA:114,0
DA:115,0
DA:116,0
DA:117,0
DA:118,0
DA:119,0
DA:123,0
DA:130,0
DA:131,0
DA:132,0
DA:135,0
DA:144,0
DA:145,0
DA:149,0
DA:150,0
DA:155,0
DA:156,0
DA:160,0
DA:161,0
DA:169,0
DA:170,0
DA:171,0
DA:180,0
DA:181,0
DA:183,0
DA:184,0
DA:185,0
DA:189,0
DA:191,0
DA:200,0
DA:201,0
DA:202,0
DA:204,0
DA:205,0
DA:210,0
DA:214,0
DA:225,0
DA:227,0
DA:228,0
DA:231,0
DA:232,0
DA:235,0
DA:236,0
DA:239,0
DA:251,0
DA:256,0
DA:264,0
DA:267,0
DA:269,0
LF:90
LH:0
BRDA:32,0,0,0
BRDA:32,0,1,0
BRDA:66,1,0,0
BRDA:66,1,1,0
BRDA:80,2,0,0
BRDA:80,2,1,0
BRDA:112,3,0,0
BRDA:112,3,1,0
BRDA:116,4,0,0
BRDA:116,4,1,0
BRDA:116,5,0,0
BRDA:116,5,1,0
BRDA:129,6,0,0
BRDA:135,7,0,0
BRDA:135,7,1,0
BRDA:169,8,0,0
BRDA:169,8,1,0
BRDA:171,9,0,0
BRDA:171,9,1,0
BRDA:180,10,0,0
BRDA:180,10,1,0
BRDA:184,11,0,0
BRDA:184,11,1,0
BRDA:184,12,0,0
BRDA:184,12,1,0
BRDA:227,13,0,0
BRDA:227,13,1,0
BRDA:231,14,0,0
BRDA:231,14,1,0
BRDA:235,15,0,0
BRDA:235,15,1,0
BRDA:235,16,0,0
BRDA:235,16,1,0
BRDA:251,17,0,0
BRDA:251,17,1,0
BRDA:256,18,0,0
BRDA:256,18,1,0
BRF:37
BRH:0
end_of_record
TN:
SF:public\js\modules\sanidad.js
FN:11,(anonymous_0)
FN:17,(anonymous_1)
FN:34,(anonymous_2)
FN:43,(anonymous_3)
FN:55,(anonymous_4)
FN:67,(anonymous_5)
FN:69,(anonymous_6)
FN:75,(anonymous_7)
FN:77,(anonymous_8)
FN:83,(anonymous_9)
FN:85,(anonymous_10)
FN:92,(anonymous_11)
FN:102,(anonymous_12)
FN:115,(anonymous_13)
FN:122,(anonymous_14)
FN:124,(anonymous_15)
FN:136,(anonymous_16)
FN:146,(anonymous_17)
FN:155,(anonymous_18)
FN:171,(anonymous_19)
FN:174,(anonymous_20)
FN:192,(anonymous_21)
FN:200,(anonymous_22)
FN:208,(anonymous_23)
FN:219,(anonymous_24)
FNF:25
FNH:0
FNDA:0,(anonymous_0)
FNDA:0,(anonymous_1)
FNDA:0,(anonymous_2)
FNDA:0,(anonymous_3)
FNDA:0,(anonymous_4)
FNDA:0,(anonymous_5)
FNDA:0,(anonymous_6)
FNDA:0,(anonymous_7)
FNDA:0,(anonymous_8)
FNDA:0,(anonymous_9)
FNDA:0,(anonymous_10)
FNDA:0,(anonymous_11)
FNDA:0,(anonymous_12)
FNDA:0,(anonymous_13)
FNDA:0,(anonymous_14)
FNDA:0,(anonymous_15)
FNDA:0,(anonymous_16)
FNDA:0,(anonymous_17)
FNDA:0,(anonymous_18)
FNDA:0,(anonymous_19)
FNDA:0,(anonymous_20)
FNDA:0,(anonymous_21)
FNDA:0,(anonymous_22)
FNDA:0,(anonymous_23)
FNDA:0,(anonymous_24)
DA:12,0
DA:13,0
DA:14,0
DA:18,0
DA:19,0
DA:20,0
DA:21,0
DA:22,0
DA:23,0
DA:25,0
DA:26,0
DA:35,0
DA:36,0
DA:38,0
DA:39,0
DA:44,0
DA:45,0
DA:50,0
DA:51,0
DA:56,0
DA:57,0
DA:59,0
DA:60,0
DA:68,0
DA:69,0
DA:76,0
DA:77,0
DA:84,0
DA:85,0
DA:93,0
DA:94,0
DA:95,0
DA:97,0
DA:98,0
DA:103,0
DA:104,0
DA:105,0
DA:107,0
DA:108,0
DA:116,0
DA:123,0
DA:124,0
DA:125,0
DA:126,0
DA:128,0
DA:137,0
DA:138,0
DA:139,0
DA:141,0
DA:142,0
DA:147,0
DA:148,0
DA:150,0
DA:151,0
DA:156,0
DA:157,0
DA:159,0
DA:160,0
DA:172,0
DA:174,0
DA:175,0
DA:182,0
DA:193,0
DA:194,0
DA:199,0
DA:200,0
DA:201,0
DA:203,0
DA:208,0
DA:211,0
DA:212,0
DA:220,0
DA:222,0
DA:223,0
DA:226,0
DA:227,0
DA:230,0
DA:231,0
DA:234,0
DA:245,0
DA:248,0
DA:250,0
LF:82
LH:0
BRDA:68,0,0,0
BRDA:68,0,1,0
BRDA:84,1,0,0
BRDA:84,1,1,0
BRDA:102,2,0,0
BRDA:125,3,0,0
BRDA:125,3,1,0
BRDA:126,4,0,0
BRDA:126,4,1,0
BRDA:171,5,0,0
BRDA:174,6,0,0
BRDA:174,6,1,0
BRDA:174,7,0,0
BRDA:174,7,1,0
BRDA:201,8,0,0
BRDA:201,8,1,0
BRDA:222,9,0,0
BRDA:222,9,1,0
BRDA:226,10,0,0
BRDA:226,10,1,0
BRDA:230,11,0,0
BRDA:230,11,1,0
BRF:22
BRH:0
end_of_record
TN:
SF:public\js\services\api.js
FN:18,(anonymous_0)
FN:25,(anonymous_1)
FN:41,(anonymous_2)
FN:61,(anonymous_3)
FN:81,(anonymous_4)
FNF:5
FNH:0
FNDA:0,(anonymous_0)
FNDA:0,(anonymous_1)
FNDA:0,(anonymous_2)
FNDA:0,(anonymous_3)
FNDA:0,(anonymous_4)
DA:19,0
DA:26,0
DA:27,0
DA:28,0
DA:29,0
DA:31,0
DA:33,0
DA:34,0
DA:42,0
DA:43,0
DA:48,0
DA:49,0
DA:51,0
DA:53,0
DA:54,0
DA:62,0
DA:63,0
DA:68,0
DA:69,0
DA:71,0
DA:73,0
DA:74,0
DA:82,0
DA:83,0
DA:86,0
DA:87,0
DA:89,0
DA:91,0
DA:92,0
DA:98,0
DA:101,0
DA:103,0
LF:32
LH:0
BRDA:18,0,0,0
BRDA:28,1,0,0
BRDA:28,1,1,0
BRDA:48,2,0,0
BRDA:48,2,1,0
BRDA:68,3,0,0
BRDA:68,3,1,0
BRDA:86,4,0,0
BRDA:86,4,1,0
BRF:9
BRH:0
end_of_record
TN:
SF:public\js\services\state.js
FN:13,(anonymous_0)
FN:56,(anonymous_1)
FN:74,(anonymous_2)
FN:98,(anonymous_3)
FN:105,(anonymous_4)
FN:106,(anonymous_5)
FN:113,(anonymous_6)
FN:115,(anonymous_7)
FN:122,(anonymous_8)
FN:129,(anonymous_9)
FNF:10
FNH:0
FNDA:0,(anonymous_0)
FNDA:0,(anonymous_1)
FNDA:0,(anonymous_2)
FNDA:0,(anonymous_3)
FNDA:0,(anonymous_4)
FNDA:0,(anonymous_5)
FNDA:0,(anonymous_6)
FNDA:0,(anonymous_7)
FNDA:0,(anonymous_8)
FNDA:0,(anonymous_9)
DA:14,0
DA:50,0
DA:57,0
DA:58,0
DA:60,0
DA:61,0
DA:62,0
DA:64,0
DA:68,0
DA:75,0
DA:76,0
DA:79,0
DA:80,0
DA:81,0
DA:82,0
DA:84,0
DA:88,0
DA:89,0
DA:92,0
DA:99,0
DA:100,0
DA:102,0
DA:105,0
DA:106,0
DA:114,0
DA:115,0
DA:123,0
DA:130,0
DA:135,0
DA:138,0
DA:140,0
LF:31
LH:0
BRDA:61,0,0,0
BRDA:61,0,1,0
BRDA:61,1,0,0
BRDA:61,1,1,0
BRDA:81,2,0,0
BRDA:81,2,1,0
BRDA:81,3,0,0
BRDA:81,3,1,0
BRDA:99,4,0,0
BRDA:99,4,1,0
BRDA:114,5,0,0
BRDA:114,5,1,0
BRF:12
BRH:0
end_of_record
TN:
SF:public\js\services\utils.js
FN:10,formatDecimal
FN:18,formatCurrency
FN:25,normalizarTexto
FN:37,paginar
FN:46,renderizarPaginacion
FN:74,cambiarPagina
FN:84,mostrarError
FN:92,mostrarExito
FN:100,confirmarAccion
FN:109,esperar
FN:110,(anonymous_10)
FN:116,debounce
FN:118,executedFunction
FN:119,(anonymous_13)
FN:131,clonarObjeto
FN:138,obtenerParametroURL
FNF:16
FNH:0
FNDA:0,formatDecimal
FNDA:0,formatCurrency
FNDA:0,normalizarTexto
FNDA:0,paginar
FNDA:0,renderizarPaginacion
FNDA:0,cambiarPagina
FNDA:0,mostrarError
FNDA:0,mostrarExito
FNDA:0,confirmarAccion
FNDA:0,esperar
FNDA:0,(anonymous_10)
FNDA:0,debounce
FNDA:0,executedFunction
FNDA:0,(anonymous_13)
FNDA:0,clonarObjeto
FNDA:0,obtenerParametroURL
DA:11,0
DA:12,0
DA:19,0
DA:26,0
DA:27,0
DA:38,0
DA:39,0
DA:40,0
DA:47,0
DA:48,0
DA:49,0
DA:50,0
DA:52,0
DA:54,0
DA:55,0
DA:56,0
DA:59,0
DA:62,0
DA:65,0
DA:67,0
DA:68,0
DA:75,0
DA:76,0
DA:77,0
DA:85,0
DA:86,0
DA:93,0
DA:94,0
DA:101,0
DA:102,0
DA:110,0
DA:118,0
DA:119,0
DA:120,0
DA:121,0
DA:123,0
DA:124,0
DA:132,0
DA:139,0
DA:140,0
LF:40
LH:0
BRDA:10,0,0,0
BRDA:11,1,0,0
BRDA:11,1,1,0
BRDA:11,2,0,0
BRDA:11,2,1,0
BRDA:11,2,2,0
BRDA:26,3,0,0
BRDA:26,3,1,0
BRDA:37,4,0,0
BRDA:37,5,0,0
BRDA:46,6,0,0
BRDA:48,7,0,0
BRDA:48,7,1,0
BRDA:49,8,0,0
BRDA:49,8,1,0
BRDA:52,9,0,0
BRDA:52,9,1,0
BRDA:59,10,0,0
BRDA:59,10,1,0
BRDA:65,11,0,0
BRDA:65,11,1,0
BRDA:76,12,0,0
BRDA:76,12,1,0
BRDA:76,13,0,0
BRDA:76,13,1,0
BRDA:101,14,0,0
BRDA:101,14,1,0
BRDA:109,15,0,0
BRDA:116,16,0,0
BRF:29
BRH:0
end_of_record
TN:
SF:src\controllers\authController.js
FN:18,register
FN:51,(anonymous_1)
FN:63,(anonymous_2)
FN:98,login
FN:114,(anonymous_4)
FN:163,getMe
FN:170,(anonymous_6)
FN:196,logout
FNF:8
FNH:0
FNDA:0,register
FNDA:0,(anonymous_1)
FNDA:0,(anonymous_2)
FNDA:0,login
FNDA:0,(anonymous_4)
FNDA:0,getMe
FNDA:0,(anonymous_6)
FNDA:0,logout
DA:6,0
DA:7,0
DA:12,0
DA:19,0
DA:20,0
DA:22,0
DA:23,0
DA:28,0
DA:29,0
DA:35,0
DA:38,0
DA:39,0
DA:51,0
DA:52,0
DA:53,0
DA:54,0
DA:60,0
DA:64,0
DA:65,0
DA:66,0
DA:70,0
DA:71,0
DA:76,0
DA:82,0
DA:83,0
DA:90,0
DA:99,0
DA:100,0
DA:102,0
DA:103,0
DA:108,0
DA:111,0
DA:115,0
DA:116,0
DA:117,0
DA:122,0
DA:123,0
DA:129,0
DA:130,0
DA:132,0
DA:133,0
DA:139,0
DA:145,0
DA:147,0
DA:148,0
DA:155,0
DA:164,0
DA:165,0
DA:167,0
DA:171,0
DA:172,0
DA:173,0
DA:178,0
DA:179,0
DA:184,0
DA:188,0
DA:197,0
DA:200,0
LF:58
LH:0
BRDA:22,0,0,0
BRDA:22,0,1,0
BRDA:22,1,0,0
BRDA:22,1,1,0
BRDA:28,2,0,0
BRDA:28,2,1,0
BRDA:52,3,0,0
BRDA:52,3,1,0
BRDA:52,4,0,0
BRDA:52,4,1,0
BRDA:64,5,0,0
BRDA:64,5,1,0
BRDA:65,6,0,0
BRDA:65,6,1,0
BRDA:102,7,0,0
BRDA:102,7,1,0
BRDA:102,8,0,0
BRDA:102,8,1,0
BRDA:115,9,0,0
BRDA:115,9,1,0
BRDA:122,10,0,0
BRDA:122,10,1,0
BRDA:132,11,0,0
BRDA:132,11,1,0
BRDA:171,12,0,0
BRDA:171,12,1,0
BRDA:178,13,0,0
BRDA:178,13,1,0
BRF:28
BRH:0
end_of_record
TN:
SF:src\controllers\escandallosController.js
FN:7,obtenerTodos
FN:16,(anonymous_1)
FN:28,obtenerPorId
FN:32,(anonymous_3)
FN:47,crear
FN:61,(anonymous_5)
FN:74,actualizar
FN:89,(anonymous_7)
FN:105,eliminar
FN:110,(anonymous_9)
FNF:10
FNH:0
FNDA:0,obtenerTodos
FNDA:0,(anonymous_1)
FNDA:0,obtenerPorId
FNDA:0,(anonymous_3)
FNDA:0,crear
FNDA:0,(anonymous_5)
FNDA:0,actualizar
FNDA:0,(anonymous_7)
FNDA:0,eliminar
FNDA:0,(anonymous_9)
DA:4,0
DA:5,0
DA:8,0
DA:9,0
DA:10,0
DA:17,0
DA:18,0
DA:19,0
DA:21,0
DA:24,0
DA:29,0
DA:30,0
DA:31,0
DA:32,0
DA:33,0
DA:34,0
DA:35,0
DA:37,0
DA:38,0
DA:40,0
DA:43,0
DA:48,0
DA:49,0
DA:51,0
DA:52,0
DA:57,0
DA:58,0
DA:62,0
DA:63,0
DA:64,0
DA:66,0
DA:70,0
DA:75,0
DA:76,0
DA:77,0
DA:79,0
DA:80,0
DA:85,0
DA:86,0
DA:90,0
DA:91,0
DA:92,0
DA:94,0
DA:95,0
DA:97,0
DA:101,0
DA:106,0
DA:107,0
DA:108,0
DA:110,0
DA:111,0
DA:112,0
DA:113,0
DA:115,0
DA:116,0
DA:118,0
DA:121,0
DA:125,0
LF:58
LH:0
BRDA:17,0,0,0
BRDA:17,0,1,0
BRDA:21,1,0,0
BRDA:21,1,1,0
BRDA:33,2,0,0
BRDA:33,2,1,0
BRDA:37,3,0,0
BRDA:37,3,1,0
BRDA:51,4,0,0
BRDA:51,4,1,0
BRDA:51,5,0,0
BRDA:51,5,1,0
BRDA:60,6,0,0
BRDA:60,6,1,0
BRDA:62,7,0,0
BRDA:62,7,1,0
BRDA:79,8,0,0
BRDA:79,8,1,0
BRDA:79,9,0,0
BRDA:79,9,1,0
BRDA:90,10,0,0
BRDA:90,10,1,0
BRDA:94,11,0,0
BRDA:94,11,1,0
BRDA:111,12,0,0
BRDA:111,12,1,0
BRDA:115,13,0,0
BRDA:115,13,1,0
BRF:28
BRH:0
end_of_record
TN:
SF:src\controllers\ingredientesController.js
FN:7,obtenerTodos
FN:10,(anonymous_1)
FN:22,obtenerPorId
FN:26,(anonymous_3)
FN:41,crear
FN:53,(anonymous_5)
FN:66,actualizar
FN:79,(anonymous_7)
FN:95,eliminar
FN:100,(anonymous_9)
FNF:10
FNH:0
FNDA:0,obtenerTodos
FNDA:0,(anonymous_1)
FNDA:0,obtenerPorId
FNDA:0,(anonymous_3)
FNDA:0,crear
FNDA:0,(anonymous_5)
FNDA:0,actualizar
FNDA:0,(anonymous_7)
FNDA:0,eliminar
FNDA:0,(anonymous_9)
DA:4,0
DA:5,0
DA:8,0
DA:9,0
DA:10,0
DA:11,0
DA:12,0
DA:13,0
DA:15,0
DA:18,0
DA:23,0
DA:24,0
DA:25,0
DA:26,0
DA:27,0
DA:28,0
DA:29,0
DA:31,0
DA:32,0
DA:34,0
DA:37,0
DA:42,0
DA:43,0
DA:45,0
DA:46,0
DA:49,0
DA:50,0
DA:54,0
DA:55,0
DA:56,0
DA:58,0
DA:62,0
DA:67,0
DA:68,0
DA:69,0
DA:71,0
DA:72,0
DA:75,0
DA:76,0
DA:80,0
DA:81,0
DA:82,0
DA:84,0
DA:85,0
DA:87,0
DA:91,0
DA:96,0
DA:97,0
DA:98,0
DA:100,0
DA:101,0
DA:102,0
DA:103,0
DA:105,0
DA:106,0
DA:108,0
DA:111,0
DA:115,0
LF:58
LH:0
BRDA:11,0,0,0
BRDA:11,0,1,0
BRDA:15,1,0,0
BRDA:15,1,1,0
BRDA:27,2,0,0
BRDA:27,2,1,0
BRDA:31,3,0,0
BRDA:31,3,1,0
BRDA:45,4,0,0
BRDA:45,4,1,0
BRDA:52,5,0,0
BRDA:52,5,1,0
BRDA:52,6,0,0
BRDA:52,6,1,0
BRDA:52,7,0,0
BRDA:52,7,1,0
BRDA:52,8,0,0
BRDA:52,8,1,0
BRDA:54,9,0,0
BRDA:54,9,1,0
BRDA:71,10,0,0
BRDA:71,10,1,0
BRDA:78,11,0,0
BRDA:78,11,1,0
BRDA:80,12,0,0
BRDA:80,12,1,0
BRDA:84,13,0,0
BRDA:84,13,1,0
BRDA:101,14,0,0
BRDA:101,14,1,0
BRDA:105,15,0,0
BRDA:105,15,1,0
BRF:32
BRH:0
end_of_record
TN:
SF:src\controllers\inventarioController.js
FN:7,obtenerTodos
FN:15,(anonymous_1)
FN:27,obtenerPorId
FN:31,(anonymous_3)
FN:46,crear
FN:58,(anonymous_5)
FN:71,actualizar
FN:84,(anonymous_7)
FN:100,eliminar
FN:105,(anonymous_9)
FNF:10
FNH:0
FNDA:0,obtenerTodos
FNDA:0,(anonymous_1)
FNDA:0,obtenerPorId
FNDA:0,(anonymous_3)
FNDA:0,crear
FNDA:0,(anonymous_5)
FNDA:0,actualizar
FNDA:0,(anonymous_7)
FNDA:0,eliminar
FNDA:0,(anonymous_9)
DA:4,0
DA:5,0
DA:8,0
DA:9,0
DA:10,0
DA:16,0
DA:17,0
DA:18,0
DA:20,0
DA:23,0
DA:28,0
DA:29,0
DA:30,0
DA:31,0
DA:32,0
DA:33,0
DA:34,0
DA:36,0
DA:37,0
DA:39,0
DA:42,0
DA:47,0
DA:48,0
DA:50,0
DA:51,0
DA:54,0
DA:55,0
DA:59,0
DA:60,0
DA:61,0
DA:63,0
DA:67,0
DA:72,0
DA:73,0
DA:74,0
DA:76,0
DA:77,0
DA:80,0
DA:81,0
DA:85,0
DA:86,0
DA:87,0
DA:89,0
DA:90,0
DA:92,0
DA:96,0
DA:101,0
DA:102,0
DA:103,0
DA:105,0
DA:106,0
DA:107,0
DA:108,0
DA:110,0
DA:111,0
DA:113,0
DA:116,0
DA:120,0
LF:58
LH:0
BRDA:16,0,0,0
BRDA:16,0,1,0
BRDA:20,1,0,0
BRDA:20,1,1,0
BRDA:32,2,0,0
BRDA:32,2,1,0
BRDA:36,3,0,0
BRDA:36,3,1,0
BRDA:50,4,0,0
BRDA:50,4,1,0
BRDA:57,5,0,0
BRDA:57,5,1,0
BRDA:57,6,0,0
BRDA:57,6,1,0
BRDA:57,7,0,0
BRDA:57,7,1,0
BRDA:59,8,0,0
BRDA:59,8,1,0
BRDA:76,9,0,0
BRDA:76,9,1,0
BRDA:85,10,0,0
BRDA:85,10,1,0
BRDA:89,11,0,0
BRDA:89,11,1,0
BRDA:106,12,0,0
BRDA:106,12,1,0
BRDA:110,13,0,0
BRDA:110,13,1,0
BRF:28
BRH:0
end_of_record
TN:
SF:src\controllers\partidasController.js
FN:7,obtenerTodas
FN:10,(anonymous_1)
FN:22,obtenerPorId
FN:26,(anonymous_3)
FN:41,crear
FN:53,(anonymous_5)
FN:66,actualizar
FN:79,(anonymous_7)
FN:95,eliminar
FN:100,(anonymous_9)
FNF:10
FNH:0
FNDA:0,obtenerTodas
FNDA:0,(anonymous_1)
FNDA:0,obtenerPorId
FNDA:0,(anonymous_3)
FNDA:0,crear
FNDA:0,(anonymous_5)
FNDA:0,actualizar
FNDA:0,(anonymous_7)
FNDA:0,eliminar
FNDA:0,(anonymous_9)
DA:4,0
DA:5,0
DA:8,0
DA:9,0
DA:10,0
DA:11,0
DA:12,0
DA:13,0
DA:15,0
DA:18,0
DA:23,0
DA:24,0
DA:25,0
DA:26,0
DA:27,0
DA:28,0
DA:29,0
DA:31,0
DA:32,0
DA:34,0
DA:37,0
DA:42,0
DA:43,0
DA:45,0
DA:46,0
DA:49,0
DA:50,0
DA:54,0
DA:55,0
DA:56,0
DA:58,0
DA:62,0
DA:67,0
DA:68,0
DA:69,0
DA:71,0
DA:72,0
DA:75,0
DA:76,0
DA:80,0
DA:81,0
DA:82,0
DA:84,0
DA:85,0
DA:87,0
DA:91,0
DA:96,0
DA:97,0
DA:98,0
DA:100,0
DA:101,0
DA:102,0
DA:103,0
DA:105,0
DA:106,0
DA:108,0
DA:111,0
DA:115,0
LF:58
LH:0
BRDA:11,0,0,0
BRDA:11,0,1,0
BRDA:15,1,0,0
BRDA:15,1,1,0
BRDA:27,2,0,0
BRDA:27,2,1,0
BRDA:31,3,0,0
BRDA:31,3,1,0
BRDA:45,4,0,0
BRDA:45,4,1,0
BRDA:52,5,0,0
BRDA:52,5,1,0
BRDA:54,6,0,0
BRDA:54,6,1,0
BRDA:71,7,0,0
BRDA:71,7,1,0
BRDA:78,8,0,0
BRDA:78,8,1,0
BRDA:80,9,0,0
BRDA:80,9,1,0
BRDA:84,10,0,0
BRDA:84,10,1,0
BRDA:101,11,0,0
BRDA:101,11,1,0
BRDA:105,12,0,0
BRDA:105,12,1,0
BRF:26
BRH:0
end_of_record
TN:
SF:src\controllers\pedidosController.js
FN:7,obtenerTodos
FN:10,(anonymous_1)
FN:22,obtenerPorId
FN:26,(anonymous_3)
FN:41,crear
FN:53,(anonymous_5)
FN:66,actualizar
FN:79,(anonymous_7)
FN:95,eliminar
FN:100,(anonymous_9)
FNF:10
FNH:0
FNDA:0,obtenerTodos
FNDA:0,(anonymous_1)
FNDA:0,obtenerPorId
FNDA:0,(anonymous_3)
FNDA:0,crear
FNDA:0,(anonymous_5)
FNDA:0,actualizar
FNDA:0,(anonymous_7)
FNDA:0,eliminar
FNDA:0,(anonymous_9)
DA:4,0
DA:5,0
DA:8,0
DA:9,0
DA:10,0
DA:11,0
DA:12,0
DA:13,0
DA:15,0
DA:18,0
DA:23,0
DA:24,0
DA:25,0
DA:26,0
DA:27,0
DA:28,0
DA:29,0
DA:31,0
DA:32,0
DA:34,0
DA:37,0
DA:42,0
DA:43,0
DA:45,0
DA:46,0
DA:49,0
DA:50,0
DA:54,0
DA:55,0
DA:56,0
DA:58,0
DA:62,0
DA:67,0
DA:68,0
DA:69,0
DA:71,0
DA:72,0
DA:75,0
DA:76,0
DA:80,0
DA:81,0
DA:82,0
DA:84,0
DA:85,0
DA:87,0
DA:91,0
DA:96,0
DA:97,0
DA:98,0
DA:100,0
DA:101,0
DA:102,0
DA:103,0
DA:105,0
DA:106,0
DA:108,0
DA:111,0
DA:115,0
LF:58
LH:0
BRDA:11,0,0,0
BRDA:11,0,1,0
BRDA:15,1,0,0
BRDA:15,1,1,0
BRDA:27,2,0,0
BRDA:27,2,1,0
BRDA:31,3,0,0
BRDA:31,3,1,0
BRDA:45,4,0,0
BRDA:45,4,1,0
BRDA:52,5,0,0
BRDA:52,5,1,0
BRDA:52,6,0,0
BRDA:52,6,1,0
BRDA:52,7,0,0
BRDA:52,7,1,0
BRDA:54,8,0,0
BRDA:54,8,1,0
BRDA:71,9,0,0
BRDA:71,9,1,0
BRDA:80,10,0,0
BRDA:80,10,1,0
BRDA:84,11,0,0
BRDA:84,11,1,0
BRDA:101,12,0,0
BRDA:101,12,1,0
BRDA:105,13,0,0
BRDA:105,13,1,0
BRF:28
BRH:0
end_of_record
TN:
SF:src\controllers\platosController.js
FN:12,obtenerTodos
FN:15,(anonymous_1)
FN:33,obtenerPorId
FN:38,(anonymous_3)
FN:61,crear
FN:76,(anonymous_5)
FN:97,actualizar
FN:112,(anonymous_7)
FN:136,eliminar
FN:141,(anonymous_9)
FNF:10
FNH:0
FNDA:0,obtenerTodos
FNDA:0,(anonymous_1)
FNDA:0,obtenerPorId
FNDA:0,(anonymous_3)
FNDA:0,crear
FNDA:0,(anonymous_5)
FNDA:0,actualizar
FNDA:0,(anonymous_7)
FNDA:0,eliminar
FNDA:0,(anonymous_9)
DA:5,0
DA:6,0
DA:13,0
DA:14,0
DA:15,0
DA:16,0
DA:17,0
DA:18,0
DA:22,0
DA:25,0
DA:34,0
DA:35,0
DA:36,0
DA:38,0
DA:39,0
DA:40,0
DA:41,0
DA:45,0
DA:46,0
DA:50,0
DA:53,0
DA:62,0
DA:63,0
DA:66,0
DA:67,0
DA:72,0
DA:73,0
DA:77,0
DA:78,0
DA:79,0
DA:83,0
DA:89,0
DA:98,0
DA:99,0
DA:100,0
DA:102,0
DA:103,0
DA:108,0
DA:109,0
DA:113,0
DA:114,0
DA:115,0
DA:119,0
DA:120,0
DA:124,0
DA:128,0
DA:137,0
DA:138,0
DA:139,0
DA:141,0
DA:142,0
DA:143,0
DA:144,0
DA:148,0
DA:149,0
DA:153,0
DA:156,0
DA:160,0
LF:58
LH:0
BRDA:16,0,0,0
BRDA:16,0,1,0
BRDA:22,1,0,0
BRDA:22,1,1,0
BRDA:39,2,0,0
BRDA:39,2,1,0
BRDA:45,3,0,0
BRDA:45,3,1,0
BRDA:66,4,0,0
BRDA:66,4,1,0
BRDA:66,5,0,0
BRDA:66,5,1,0
BRDA:75,6,0,0
BRDA:75,6,1,0
BRDA:75,7,0,0
BRDA:75,7,1,0
BRDA:75,8,0,0
BRDA:75,8,1,0
BRDA:77,9,0,0
BRDA:77,9,1,0
BRDA:102,10,0,0
BRDA:102,10,1,0
BRDA:102,11,0,0
BRDA:102,11,1,0
BRDA:111,12,0,0
BRDA:111,12,1,0
BRDA:113,13,0,0
BRDA:113,13,1,0
BRDA:119,14,0,0
BRDA:119,14,1,0
BRDA:142,15,0,0
BRDA:142,15,1,0
BRDA:148,16,0,0
BRDA:148,16,1,0
BRF:34
BRH:0
end_of_record
TN:
SF:src\controllers\sanidadController.js
FN:7,obtenerTodas
FN:10,(anonymous_1)
FN:22,obtenerPorId
FN:26,(anonymous_3)
FN:41,crear
FN:53,(anonymous_5)
FN:66,actualizar
FN:79,(anonymous_7)
FN:95,eliminar
FN:100,(anonymous_9)
FNF:10
FNH:0
FNDA:0,obtenerTodas
FNDA:0,(anonymous_1)
FNDA:0,obtenerPorId
FNDA:0,(anonymous_3)
FNDA:0,crear
FNDA:0,(anonymous_5)
FNDA:0,actualizar
FNDA:0,(anonymous_7)
FNDA:0,eliminar
FNDA:0,(anonymous_9)
DA:4,0
DA:5,0
DA:8,0
DA:9,0
DA:10,0
DA:11,0
DA:12,0
DA:13,0
DA:15,0
DA:18,0
DA:23,0
DA:24,0
DA:25,0
DA:26,0
DA:27,0
DA:28,0
DA:29,0
DA:31,0
DA:32,0
DA:34,0
DA:37,0
DA:42,0
DA:43,0
DA:45,0
DA:46,0
DA:49,0
DA:50,0
DA:54,0
DA:55,0
DA:56,0
DA:58,0
DA:62,0
DA:67,0
DA:68,0
DA:69,0
DA:71,0
DA:72,0
DA:75,0
DA:76,0
DA:80,0
DA:81,0
DA:82,0
DA:84,0
DA:85,0
DA:87,0
DA:91,0
DA:96,0
DA:97,0
DA:98,0
DA:100,0
DA:101,0
DA:102,0
DA:103,0
DA:105,0
DA:106,0
DA:108,0
DA:111,0
DA:115,0
LF:58
LH:0
BRDA:11,0,0,0
BRDA:11,0,1,0
BRDA:15,1,0,0
BRDA:15,1,1,0
BRDA:27,2,0,0
BRDA:27,2,1,0
BRDA:31,3,0,0
BRDA:31,3,1,0
BRDA:45,4,0,0
BRDA:45,4,1,0
BRDA:54,5,0,0
BRDA:54,5,1,0
BRDA:71,6,0,0
BRDA:71,6,1,0
BRDA:80,7,0,0
BRDA:80,7,1,0
BRDA:84,8,0,0
BRDA:84,8,1,0
BRDA:101,9,0,0
BRDA:101,9,1,0
BRDA:105,10,0,0
BRDA:105,10,1,0
BRF:22
BRH:0
end_of_record
TN:
SF:src\middleware\authMiddleware.js
FN:15,authenticateToken
FN:60,authorizeRole
FN:61,(anonymous_2)
FNF:3
FNH:3
FNDA:11,authenticateToken
FNDA:10,authorizeRole
FNDA:10,(anonymous_2)
DA:6,1
DA:7,1
DA:8,1
DA:9,1
DA:16,11
DA:17,11
DA:18,11
DA:20,11
DA:21,3
DA:26,3
DA:29,8
DA:30,6
DA:32,6
DA:38,6
DA:40,2
DA:47,2
DA:52,2
DA:61,10
DA:62,10
DA:63,10
DA:64,1
DA:67,1
DA:70,9
DA:72,9
DA:73,4
DA:79,4
DA:84,5
DA:90,5
DA:92,0
DA:96,0
DA:101,1
LF:31
LH:29
BRDA:18,0,0,11
BRDA:18,0,1,9
BRDA:20,1,0,3
BRDA:20,1,1,8
BRDA:48,2,0,0
BRDA:48,2,1,2
BRDA:63,3,0,1
BRDA:63,3,1,9
BRDA:70,4,0,4
BRDA:70,4,1,5
BRDA:72,5,0,4
BRDA:72,5,1,5
BRF:12
BRH:11
end_of_record
TN:
SF:src\middleware\errorHandler.js
FN:29,createResponse
FN:49,errorHandler
FN:133,notFoundHandler
FNF:3
FNH:3
FNDA:22,createResponse
FNDA:20,errorHandler
FNDA:2,notFoundHandler
DA:15,1
DA:17,1
DA:18,1
DA:30,22
DA:38,22
DA:39,3
DA:42,22
DA:51,20
DA:61,20
DA:62,18
DA:66,20
DA:67,3
DA:68,3
DA:73,17
DA:74,3
DA:75,3
DA:80,14
DA:81,2
DA:82,2
DA:87,12
DA:88,3
DA:89,3
DA:94,9
DA:95,3
DA:96,3
DA:99,3
DA:104,6
DA:105,2
DA:106,2
DA:111,4
DA:112,2
DA:113,2
DA:119,2
DA:120,2
DA:121,2
DA:125,2
DA:134,2
DA:140,2
DA:145,1
LF:39
LH:39
BRDA:29,0,0,0
BRDA:29,1,0,0
BRDA:29,2,0,0
BRDA:29,3,0,19
BRDA:38,4,0,3
BRDA:38,4,1,19
BRDA:38,5,0,22
BRDA:38,5,1,3
BRDA:53,6,0,20
BRDA:53,6,1,2
BRDA:56,7,0,20
BRDA:56,7,1,18
BRDA:61,8,0,18
BRDA:61,8,1,2
BRDA:66,9,0,3
BRDA:66,9,1,17
BRDA:73,10,0,3
BRDA:73,10,1,14
BRDA:80,11,0,2
BRDA:80,11,1,12
BRDA:87,12,0,3
BRDA:87,12,1,9
BRDA:94,13,0,3
BRDA:94,13,1,6
BRDA:96,14,0,1
BRDA:96,14,1,2
BRDA:104,15,0,2
BRDA:104,15,1,4
BRDA:111,16,0,2
BRDA:111,16,1,2
BRDA:120,17,0,2
BRDA:120,17,1,2
BRDA:121,18,0,1
BRDA:121,18,1,1
BRDA:137,19,0,2
BRDA:137,19,1,2
BRF:36
BRH:33
end_of_record
TN:
SF:src\middleware\errors.js
FN:10,(anonymous_0)
FN:24,(anonymous_1)
FN:36,(anonymous_2)
FN:47,(anonymous_3)
FN:58,(anonymous_4)
FN:69,(anonymous_5)
FN:81,(anonymous_6)
FN:92,(anonymous_7)
FNF:8
FNH:8
FNDA:32,(anonymous_0)
FNDA:7,(anonymous_1)
FNDA:9,(anonymous_2)
FNDA:6,(anonymous_3)
FNDA:3,(anonymous_4)
FNDA:3,(anonymous_5)
FNDA:2,(anonymous_6)
FNDA:2,(anonymous_7)
DA:11,32
DA:12,32
DA:13,32
DA:14,32
DA:15,32
DA:25,7
DA:26,7
DA:27,7
DA:37,9
DA:38,9
DA:48,6
DA:49,6
DA:59,3
DA:60,3
DA:70,3
DA:71,3
DA:72,3
DA:82,2
DA:83,2
DA:93,2
DA:94,2
DA:98,3
LF:22
LH:22
BRDA:24,0,0,1
BRDA:36,1,0,0
BRDA:47,2,0,0
BRDA:58,3,0,0
BRDA:69,4,0,3
BRDA:81,5,0,0
BRDA:92,6,0,0
BRF:7
BRH:2
end_of_record
TN:
SF:src\middleware\loggerMiddleware.js
FN:10,loggerMiddleware
FN:15,(anonymous_1)
FNF:2
FNH:0
FNDA:0,loggerMiddleware
FNDA:0,(anonymous_1)
DA:5,0
DA:11,0
DA:14,0
DA:15,0
DA:16,0
DA:19,0
DA:21,0
DA:28,0
DA:31,0
DA:34,0
LF:10
LH:0
BRDA:24,0,0,0
BRDA:24,0,1,0
BRF:2
BRH:0
end_of_record
TN:
SF:src\middleware\validationSchemas.js
FNF:0
FNH:0
DA:6,0
DA:11,0
DA:47,0
DA:70,0
DA:90,0
DA:116,0
DA:140,0
DA:160,0
DA:183,0
LF:9
LH:0
BRF:0
BRH:0
end_of_record
TN:
SF:src\middleware\validator.js
FN:15,validate
FN:16,(anonymous_1)
FN:25,(anonymous_2)
FN:37,(anonymous_3)
FNF:4
FNH:4
FNDA:10,validate
FNDA:10,(anonymous_1)
FNDA:6,(anonymous_2)
FNDA:6,(anonymous_3)
DA:6,1
DA:7,1
DA:8,1
DA:16,10
DA:17,10
DA:23,10
DA:25,6
DA:33,4
DA:37,6
DA:41,4
DA:45,4
DA:49,6
DA:50,6
DA:54,1
LF:14
LH:14
BRDA:23,0,0,4
BRDA:23,0,1,6
BRF:2
BRH:2
end_of_record
TN:
SF:src\routes\auth.js
FNF:0
FNH:0
DA:4,0
DA:5,0
DA:6,0
DA:7,0
DA:8,0
DA:9,0
DA:12,0
DA:35,0
DA:36,0
DA:39,0
DA:40,0
DA:42,0
LF:12
LH:0
BRF:0
BRH:0
end_of_record
TN:
SF:src\routes\escandallos.js
FNF:0
FNH:0
DA:4,0
DA:5,0
DA:6,0
DA:7,0
DA:8,0
DA:10,0
DA:11,0
DA:12,0
DA:13,0
DA:14,0
DA:16,0
LF:11
LH:0
BRF:0
BRH:0
end_of_record
TN:
SF:src\routes\ingredientes.js
FNF:0
FNH:0
DA:4,0
DA:5,0
DA:6,0
DA:7,0
DA:8,0
DA:10,0
DA:11,0
DA:12,0
DA:13,0
DA:14,0
DA:16,0
LF:11
LH:0
BRF:0
BRH:0
end_of_record
TN:
SF:src\routes\inventario.js
FNF:0
FNH:0
DA:4,0
DA:5,0
DA:6,0
DA:7,0
DA:8,0
DA:10,0
DA:11,0
DA:12,0
DA:13,0
DA:14,0
DA:16,0
LF:11
LH:0
BRF:0
BRH:0
end_of_record
TN:
SF:src\routes\partidas.js
FNF:0
FNH:0
DA:4,0
DA:5,0
DA:6,0
DA:7,0
DA:8,0
DA:10,0
DA:11,0
DA:12,0
DA:13,0
DA:14,0
DA:16,0
LF:11
LH:0
BRF:0
BRH:0
end_of_record
TN:
SF:src\routes\pedidos.js
FNF:0
FNH:0
DA:4,0
DA:5,0
DA:6,0
DA:7,0
DA:8,0
DA:10,0
DA:11,0
DA:12,0
DA:13,0
DA:14,0
DA:16,0
LF:11
LH:0
BRF:0
BRH:0
end_of_record
TN:
SF:src\routes\platos.js
FNF:0
FNH:0
DA:4,0
DA:5,0
DA:6,0
DA:7,0
DA:8,0
DA:10,0
DA:11,0
DA:12,0
DA:13,0
DA:14,0
DA:16,0
LF:11
LH:0
BRF:0
BRH:0
end_of_record
TN:
SF:src\routes\sanidad.js
FNF:0
FNH:0
DA:4,0
DA:5,0
DA:6,0
DA:7,0
DA:8,0
DA:10,0
DA:11,0
DA:12,0
DA:13,0
DA:14,0
DA:16,0
LF:11
LH:0
BRF:0
BRH:0
end_of_record
TN:
SF:src\utils\auth.js
FN:17,hashPassword
FN:32,comparePasswords
FN:45,generateToken
FN:61,verifyToken
FN:76,generateAuthResponse
FNF:5
FNH:2
FNDA:0,hashPassword
FNDA:0,comparePasswords
FNDA:7,generateToken
FNDA:8,verifyToken
FNDA:0,generateAuthResponse
DA:6,1
DA:7,1
DA:9,1
DA:10,1
DA:18,0
DA:19,0
DA:20,0
DA:22,0
DA:33,0
DA:34,0
DA:36,0
DA:46,7
DA:47,7
DA:52,0
DA:62,8
DA:63,8
DA:67,2
DA:77,0
DA:83,0
DA:94,1
LF:20
LH:10
BRDA:9,0,0,1
BRDA:9,0,1,1
BRDA:10,1,0,1
BRDA:10,1,1,1
BRDA:80,2,0,0
BRDA:80,2,1,0
BRDA:88,3,0,0
BRDA:88,3,1,0
BRF:8
BRH:4
end_of_record
TN:
SF:src\utils\database.js
FN:14,initializeDatabase
FN:15,(anonymous_1)
FN:18,(anonymous_2)
FN:34,getDatabase
FN:45,closeDatabase
FN:46,(anonymous_5)
FN:48,(anonymous_6)
FNF:7
FNH:0
FNDA:0,initializeDatabase
FNDA:0,(anonymous_1)
FNDA:0,(anonymous_2)
FNDA:0,getDatabase
FNDA:0,closeDatabase
FNDA:0,(anonymous_5)
FNDA:0,(anonymous_6)
DA:5,0
DA:6,0
DA:8,0
DA:15,0
DA:16,0
DA:18,0
DA:19,0
DA:20,0
DA:21,0
DA:23,0
DA:24,0
DA:35,0
DA:36,0
DA:38,0
DA:46,0
DA:47,0
DA:48,0
DA:49,0
DA:50,0
DA:53,0
DA:58,0
LF:21
LH:0
BRDA:19,0,0,0
BRDA:19,0,1,0
BRDA:35,1,0,0
BRDA:35,1,1,0
BRDA:47,2,0,0
BRDA:47,2,1,0
BRDA:49,3,0,0
BRDA:49,3,1,0
BRF:8
BRH:0
end_of_record
TN:
SF:src\utils\logger.js
FN:24,(anonymous_0)
FN:35,(anonymous_1)
FN:119,(anonymous_2)
FN:126,(anonymous_3)
FN:141,(anonymous_4)
FN:148,(anonymous_5)
FN:155,(anonymous_6)
FN:169,(anonymous_7)
FN:182,(anonymous_8)
FN:197,getLogger
FNF:10
FNH:6
FNDA:36,(anonymous_0)
FNDA:41,(anonymous_1)
FNDA:0,(anonymous_2)
FNDA:5,(anonymous_3)
FNDA:31,(anonymous_4)
FNDA:11,(anonymous_5)
FNDA:0,(anonymous_6)
FNDA:0,(anonymous_7)
FNDA:0,(anonymous_8)
FNDA:3,getLogger
DA:6,3
DA:7,3
DA:9,3
DA:10,3
DA:13,3
DA:14,3
DA:15,0
DA:21,3
DA:25,36
DA:36,41
DA:37,41
DA:38,41
DA:40,41
DA:48,3
DA:87,3
DA:88,0
DA:94,3
DA:115,3
DA:120,0
DA:127,5
DA:135,5
DA:142,31
DA:149,11
DA:156,0
DA:170,0
DA:183,0
DA:184,0
DA:198,3
DA:201,3
DA:202,3
LF:30
LH:23
BRDA:9,0,0,3
BRDA:9,0,1,3
BRDA:14,1,0,0
BRDA:14,1,1,3
BRDA:37,2,0,41
BRDA:37,2,1,0
BRDA:87,3,0,0
BRDA:87,3,1,3
BRDA:119,4,0,0
BRDA:126,5,0,0
BRDA:126,6,0,5
BRDA:129,7,0,5
BRDA:129,7,1,5
BRDA:141,8,0,0
BRDA:148,9,0,0
BRDA:155,10,0,0
BRDA:169,11,0,0
BRDA:182,12,0,0
BRDA:183,13,0,0
BRDA:183,13,1,0
BRF:20
BRH:8
end_of_record
